[2025-12-30T12:03:26.215+08:00] Getting interface description
[2025-12-30T12:03:26.215+08:00] Interface description end
[2025-12-30T12:03:26.215+08:00] Uploading test info to server
[2025-12-30T12:03:26.215+08:00] UploadTestInfoToServer end
[2025-12-30T12:03:26.744+08:00] will get size
[2025-12-30T12:03:26.852+08:00] size: 360x780 dpr: 3
[2025-12-30T12:03:30.853+08:00] Getting interface description
[2025-12-30T12:03:30.853+08:00] Interface description end
[2025-12-30T12:03:30.854+08:00] Uploading test info to server
[2025-12-30T12:03:30.854+08:00] UploadTestInfoToServer end
[2025-12-30T12:03:31.366+08:00] will get size
[2025-12-30T12:03:31.367+08:00] size: 360x780 dpr: 3
[2025-12-30T12:03:36.291+08:00] Getting interface description
[2025-12-30T12:03:36.292+08:00] Interface description end
[2025-12-30T12:03:36.292+08:00] Uploading test info to server
[2025-12-30T12:03:36.292+08:00] UploadTestInfoToServer end
[2025-12-30T12:03:36.737+08:00] will get size
[2025-12-30T12:03:36.737+08:00] size: 360x780 dpr: 3
[2025-12-30T12:03:40.372+08:00] Getting interface description
[2025-12-30T12:03:40.372+08:00] Interface description end
[2025-12-30T12:03:40.372+08:00] Uploading test info to server
[2025-12-30T12:03:40.372+08:00] UploadTestInfoToServer end
[2025-12-30T12:03:40.837+08:00] will get size
[2025-12-30T12:03:40.837+08:00] size: 360x780 dpr: 3
[2025-12-30T12:03:42.084+08:00] Getting interface description
[2025-12-30T12:03:42.085+08:00] Interface description end
[2025-12-30T12:03:42.085+08:00] Uploading test info to server
[2025-12-30T12:03:42.085+08:00] UploadTestInfoToServer end
[2025-12-30T12:03:42.498+08:00] will get size
[2025-12-30T12:03:42.498+08:00] size: 360x780 dpr: 3
[2025-12-30T12:03:42.626+08:00] Getting interface description
[2025-12-30T12:03:42.626+08:00] Interface description end
[2025-12-30T12:03:42.626+08:00] Uploading test info to server
[2025-12-30T12:03:42.626+08:00] UploadTestInfoToServer end
[2025-12-30T12:03:42.998+08:00] will get size
[2025-12-30T12:03:42.998+08:00] size: 360x780 dpr: 3
[2025-12-30T12:03:43.077+08:00] Getting interface description
[2025-12-30T12:03:43.077+08:00] Interface description end
[2025-12-30T12:03:43.077+08:00] Uploading test info to server
[2025-12-30T12:03:43.077+08:00] UploadTestInfoToServer end
[2025-12-30T12:03:43.554+08:00] will get size
[2025-12-30T12:03:43.554+08:00] size: 360x780 dpr: 3
[2025-12-30T12:03:46.101+08:00] Getting interface description
[2025-12-30T12:03:46.101+08:00] Interface description end
[2025-12-30T12:03:46.101+08:00] Uploading test info to server
[2025-12-30T12:03:46.101+08:00] UploadTestInfoToServer end
[2025-12-30T12:03:46.521+08:00] will get size
[2025-12-30T12:03:46.521+08:00] size: 360x780 dpr: 3
[2025-12-30T12:03:46.652+08:00] Getting interface description
[2025-12-30T12:03:46.652+08:00] Interface description end
[2025-12-30T12:03:46.652+08:00] Uploading test info to server
[2025-12-30T12:03:46.652+08:00] UploadTestInfoToServer end
[2025-12-30T12:03:47.109+08:00] will get size
[2025-12-30T12:03:47.110+08:00] size: 360x780 dpr: 3
[2025-12-30T12:03:50.319+08:00] Getting interface description
[2025-12-30T12:03:50.319+08:00] Interface description end
[2025-12-30T12:03:50.319+08:00] Uploading test info to server
[2025-12-30T12:03:50.319+08:00] UploadTestInfoToServer end
[2025-12-30T12:03:50.840+08:00] will get size
[2025-12-30T12:03:50.840+08:00] size: 360x780 dpr: 3
[2025-12-30T12:03:50.958+08:00] Getting interface description
[2025-12-30T12:03:50.958+08:00] Interface description end
[2025-12-30T12:03:50.958+08:00] Uploading test info to server
[2025-12-30T12:03:50.958+08:00] UploadTestInfoToServer end
[2025-12-30T12:03:51.473+08:00] will get size
[2025-12-30T12:03:51.474+08:00] size: 360x780 dpr: 3
[2025-12-30T12:03:54.200+08:00] Getting interface description
[2025-12-30T12:03:54.200+08:00] Interface description end
[2025-12-30T12:03:54.200+08:00] Uploading test info to server
[2025-12-30T12:03:54.200+08:00] UploadTestInfoToServer end
[2025-12-30T12:03:54.701+08:00] will get size
[2025-12-30T12:03:54.701+08:00] size: 360x780 dpr: 3
[2025-12-30T12:03:54.849+08:00] Getting interface description
[2025-12-30T12:03:54.849+08:00] Interface description end
[2025-12-30T12:03:54.849+08:00] Uploading test info to server
[2025-12-30T12:03:54.849+08:00] UploadTestInfoToServer end
[2025-12-30T12:03:55.364+08:00] will get size
[2025-12-30T12:03:55.364+08:00] size: 360x780 dpr: 3
[2025-12-30T12:03:55.418+08:00] Getting interface description
[2025-12-30T12:03:55.418+08:00] Interface description end
[2025-12-30T12:03:55.418+08:00] Uploading test info to server
[2025-12-30T12:03:55.418+08:00] UploadTestInfoToServer end
[2025-12-30T12:03:55.935+08:00] will get size
[2025-12-30T12:03:55.935+08:00] size: 360x780 dpr: 3
[2025-12-30T12:03:59.095+08:00] Getting interface description
[2025-12-30T12:03:59.095+08:00] Interface description end
[2025-12-30T12:03:59.095+08:00] Uploading test info to server
[2025-12-30T12:03:59.095+08:00] UploadTestInfoToServer end
[2025-12-30T12:03:59.601+08:00] will get size
[2025-12-30T12:03:59.602+08:00] size: 360x780 dpr: 3
[2025-12-30T12:03:59.734+08:00] Getting interface description
[2025-12-30T12:03:59.734+08:00] Interface description end
[2025-12-30T12:03:59.734+08:00] Uploading test info to server
[2025-12-30T12:03:59.734+08:00] UploadTestInfoToServer end
[2025-12-30T12:04:00.261+08:00] will get size
[2025-12-30T12:04:00.262+08:00] size: 360x780 dpr: 3
[2025-12-30T12:04:00.322+08:00] Getting interface description
[2025-12-30T12:04:00.322+08:00] Interface description end
[2025-12-30T12:04:00.322+08:00] Uploading test info to server
[2025-12-30T12:04:00.322+08:00] UploadTestInfoToServer end
[2025-12-30T12:04:00.815+08:00] will get size
[2025-12-30T12:04:00.815+08:00] size: 360x780 dpr: 3
[2025-12-30T12:04:04.697+08:00] Getting interface description
[2025-12-30T12:04:04.697+08:00] Interface description end
[2025-12-30T12:04:04.697+08:00] Uploading test info to server
[2025-12-30T12:04:04.697+08:00] UploadTestInfoToServer end
[2025-12-30T12:04:05.198+08:00] will get size
[2025-12-30T12:04:05.198+08:00] size: 360x780 dpr: 3
[2025-12-30T12:04:05.411+08:00] Getting interface description
[2025-12-30T12:04:05.411+08:00] Interface description end
[2025-12-30T12:04:05.411+08:00] Uploading test info to server
[2025-12-30T12:04:05.411+08:00] UploadTestInfoToServer end
[2025-12-30T12:04:05.943+08:00] will get size
[2025-12-30T12:04:05.943+08:00] size: 360x780 dpr: 3
[2025-12-30T12:04:05.998+08:00] Getting interface description
[2025-12-30T12:04:05.998+08:00] Interface description end
[2025-12-30T12:04:05.998+08:00] Uploading test info to server
[2025-12-30T12:04:05.998+08:00] UploadTestInfoToServer end
[2025-12-30T12:04:06.501+08:00] will get size
[2025-12-30T12:04:06.501+08:00] size: 360x780 dpr: 3
[2025-12-30T12:04:10.062+08:00] Getting interface description
[2025-12-30T12:04:10.062+08:00] Interface description end
[2025-12-30T12:04:10.062+08:00] Uploading test info to server
[2025-12-30T12:04:10.062+08:00] UploadTestInfoToServer end
[2025-12-30T12:04:10.575+08:00] will get size
[2025-12-30T12:04:10.575+08:00] size: 360x780 dpr: 3
[2025-12-30T12:04:10.732+08:00] Getting interface description
[2025-12-30T12:04:10.732+08:00] Interface description end
[2025-12-30T12:04:10.732+08:00] Uploading test info to server
[2025-12-30T12:04:10.732+08:00] UploadTestInfoToServer end
[2025-12-30T12:04:11.250+08:00] will get size
[2025-12-30T12:04:11.250+08:00] size: 360x780 dpr: 3
[2025-12-30T12:04:11.294+08:00] Getting interface description
[2025-12-30T12:04:11.294+08:00] Interface description end
[2025-12-30T12:04:11.294+08:00] Uploading test info to server
[2025-12-30T12:04:11.294+08:00] UploadTestInfoToServer end
[2025-12-30T12:04:11.822+08:00] will get size
[2025-12-30T12:04:11.822+08:00] size: 360x780 dpr: 3
[2025-12-30T12:04:17.553+08:00] Getting interface description
[2025-12-30T12:04:17.553+08:00] Interface description end
[2025-12-30T12:04:17.553+08:00] Uploading test info to server
[2025-12-30T12:04:17.553+08:00] UploadTestInfoToServer end
[2025-12-30T12:04:18.065+08:00] will get size
[2025-12-30T12:04:18.065+08:00] size: 360x780 dpr: 3
[2025-12-30T12:04:18.216+08:00] Getting interface description
[2025-12-30T12:04:18.216+08:00] Interface description end
[2025-12-30T12:04:18.216+08:00] Uploading test info to server
[2025-12-30T12:04:18.216+08:00] UploadTestInfoToServer end
[2025-12-30T12:04:18.737+08:00] will get size
[2025-12-30T12:04:18.737+08:00] size: 360x780 dpr: 3
[2025-12-30T12:04:20.418+08:00] Getting interface description
[2025-12-30T12:04:20.418+08:00] Interface description end
[2025-12-30T12:04:20.418+08:00] Uploading test info to server
[2025-12-30T12:04:20.418+08:00] UploadTestInfoToServer end
[2025-12-30T12:04:20.928+08:00] will get size
[2025-12-30T12:04:20.928+08:00] size: 360x780 dpr: 3
[2025-12-30T12:04:21.075+08:00] Getting interface description
[2025-12-30T12:04:21.075+08:00] Interface description end
[2025-12-30T12:04:21.075+08:00] Uploading test info to server
[2025-12-30T12:04:21.075+08:00] UploadTestInfoToServer end
[2025-12-30T12:04:21.595+08:00] will get size
[2025-12-30T12:04:21.595+08:00] size: 360x780 dpr: 3
[2025-12-30T12:04:21.640+08:00] Getting interface description
[2025-12-30T12:04:21.640+08:00] Interface description end
[2025-12-30T12:04:21.640+08:00] Uploading test info to server
[2025-12-30T12:04:21.640+08:00] UploadTestInfoToServer end
[2025-12-30T12:04:22.146+08:00] will get size
[2025-12-30T12:04:22.146+08:00] size: 360x780 dpr: 3
