[2025-12-30T14:44:35.612+08:00] Assert: 登录成功, Thought: 页面显示了个人中心和相关服务选项，表明用户已成功登录。, Result: true
[2025-12-30T15:20:47.347+08:00] Assert: 用户已成功登录, Thought: 页面显示了个人中心和相关服务选项，表明用户已成功登录。, Result: true
[2025-12-30T15:28:47.554+08:00] Assert: 页面显示个人中心, Thought: 页面顶部显示“个人”和“法人”选项，表明已成功登录, Result: true
[2025-12-30T15:33:54.818+08:00] Assert: 页面显示个人中心, Thought: 页面顶部显示“个人”和“法人”选项，表明已成功登录, Result: true
[2025-12-30T15:42:42.568+08:00] Assert: 页面显示主界面内容, Thought: 当前页面显示了‘秦务员’应用的主界面，包含多个功能模块如‘企业开办’、‘准入准营’等，说明用户已成功登录。, Result: true
[2025-12-30T17:44:05.900+08:00] Assert: 用户已成功登录并进入主界面, Thought: 当前页面显示了主界面的功能模块和导航栏，表明登录流程已完成。, Result: true
[2025-12-31T11:21:39.101+08:00] Assert: 登录成功提示显示, Thought: 页面上显示了“登录成功”的提示，说明登录操作已经完成。, Result: true
[2025-12-31T11:22:16.187+08:00] Assert: 当前页面显示登录界面，说明已退出登录, Thought: 当前页面显示登录界面，包含手机号/用户名/居民身份证输入框和登录按钮，说明用户已成功退出登录。, Result: true
[2025-12-31T11:31:34.552+08:00] Assert: 登录成功, Thought: 页面显示登录成功提示，且已进入主界面，说明刷脸登录已完成, Result: true
[2025-12-31T14:40:17.261+08:00] Assert: 登录成功, Thought: 页面显示登录成功提示，且已进入主界面，说明登录流程已完成, Result: true
[2026-01-04T10:12:19.909+08:00] Assert: 刷脸登录操作已完成，系统已成功登录, Thought: 根据当前页面显示的内容，已经进入了系统内部页面，说明刷脸登录操作已经成功完成。, Result: true
[2026-01-04T10:12:31.140+08:00] Assert: 页面显示公积金相关通知，说明已登录成功, Thought: 当前页面显示的是住房公积金年度决算停业的通告，这通常是登录后才能查看的内容，因此可以判断登录成功。, Result: true
[2026-01-04T10:31:51.495+08:00] Assert: 用户已登录, Thought: 页面顶部显示用户名'*海琪'，表明用户已成功登录, Result: true
[2026-01-04T10:44:05.498+08:00] Assert: 用户已登录, Thought: 页面顶部显示用户名'*海琪'，表明用户已成功登录, Result: true
[2026-01-04T10:51:33.482+08:00] Assert: 用户已登录, Thought: 页面顶部显示用户名'*海琪'，表明用户已成功登录, Result: true
[2026-01-04T11:17:30.343+08:00] Assert: 二维码识别是否成功, Thought: 页面显示“暂时无法打开”，说明二维码识别后链接无法被支持打开，因此识别未成功。, Result: false
[2026-01-04T11:30:03.787+08:00] Assert: 二维码识别并跳转成功, Thought: 当前页面为应用首页，说明二维码识别后已成功跳转，任务完成。, Result: true
[2026-01-04T11:32:54.798+08:00] Assert: 页面显示服务访问拦截，说明未跳转成功, Thought: 当前页面显示的是服务访问拦截页面，而不是预期的目标页面，因此可以判断跳转未成功, Result: false
[2026-01-04T11:35:35.522+08:00] Assert: 手电筒功能正常开启, Thought: 当前界面显示‘关闭手电筒’按钮，说明手电筒已成功打开，功能测试通过。, Result: true
[2026-01-04T11:40:01.154+08:00] Assert: The QR code from the album was successfully scanned and processed, Thought: I can see that the app returned to the main page after selecting and confirming the QR code, which means the scanning process was completed successfully., Result: true
[2026-01-04T11:51:35.393+08:00] Assert: 手电筒功能已成功开启, Thought: 当前界面显示‘关闭手电筒’按钮，表明手电筒已成功打开，功能测试通过, Result: true
[2026-01-04T12:03:02.263+08:00] Assert: 手电筒功能已成功开启, Thought: 当前界面显示“关闭手电筒”按钮，表明手电筒已成功打开，功能测试完成。, Result: true
[2026-01-04T12:04:24.851+08:00] Assert: 手电筒功能已成功开启, Thought: 当前界面显示“关闭手电筒”按钮，表明手电筒功能已成功开启，符合测试目标。, Result: true
[2026-01-04T12:18:00.225+08:00] Assert: 手电筒功能已成功开启, Thought: 从界面上可以看到手电筒图标被激活，表明功能已正常运行, Result: true
[2026-01-04T12:33:18.104+08:00] Assert: 手电筒功能已成功打开, Thought: 从截图中可以看到手电筒图标处于激活状态，说明手电筒功能已成功打开。, Result: true
[2026-01-04T12:34:13.127+08:00] Assert: 页面显示二维码识别结果, Thought: 从截图中可以看到，部分图片下方有识别结果的提示文字，例如‘未获取到数据’或具体信息，说明系统正在处理或已显示识别结果。, Result: true
[2026-01-04T12:36:56.691+08:00] Assert: 页面未发生跳转，仍显示原功能模块, Thought: 当前页面仍为陕西省政务服务首页，未出现新的跳转页面或提示，说明没有识别后的跳转发生。, Result: false
[2026-01-04T12:37:04.739+08:00] Assert: 页面未发生跳转, Thought: 当前页面仍为陕西省政务服务首页，所有功能模块均正常显示，无新页面或跳转提示，因此可确认没有识别后的跳转。, Result: true
[2026-01-04T12:40:36.862+08:00] Assert: 二维码预览正常显示, Thought: 我看到二维码预览区域已正常加载并显示二维码，说明识别跳转功能未触发或未异常，校验通过。, Result: true
[2026-01-04T12:43:46.967+08:00] Assert: 页面标题为“服务访问拦截”, Thought: 当前页面顶部明确显示标题为“服务访问拦截”，符合指令要求。, Result: true
[2026-01-04T12:44:13.340+08:00] Assert: 手电筒功能已成功开启, Thought: 从截图中可以看到手电筒图标被激活，且界面显示正常，说明功能已正确实现。, Result: true
[2026-01-04T12:46:03.105+08:00] Assert: 页面标题是“秦务员”, Thought: 从截图顶部可以看到页面标题明确显示为“秦务员”，符合获取页面标题的要求。, Result: true
[2026-01-04T12:54:16.775+08:00] Assert: 扫码成功, Thought: 页面已正常加载并显示服务访问拦截内容，说明扫码成功, Result: true
[2026-01-04T12:55:35.732+08:00] Assert: 扫码成功, Thought: 页面已正常显示内容，说明扫码成功, Result: true
[2026-01-04T12:59:12.522+08:00] Assert: 当前页面标题为“服务访问拦截”, Thought: 当前页面显示的是秦务员首页，没有出现“服务访问拦截”的标题，因此断言失败。, Result: false
[2026-01-04T13:00:11.610+08:00] Assert: 页面标题为“服务访问拦截”, Thought: 从截图中可以看到页面顶部明确显示标题“服务访问拦截”，符合预期结果。, Result: true
[2026-01-04T13:01:02.182+08:00] Assert: 页面标题为“服务访问拦截”, Thought: 当前页面顶部显示标题“服务访问拦截”，符合预期，说明测试结果正确。, Result: true
[2026-01-04T13:01:54.196+08:00] Assert: 页面标题为“服务访问拦截”, Thought: 当前页面标题明确显示为“服务访问拦截”，符合预期结果，因此测试成功。, Result: true
[2026-01-04T14:42:24.942+08:00] Assert: 我的页面中存在“婚姻登记证”, Thought: 在“我的”页面中，我可以看到“婚姻登记证”选项，说明该功能存在，符合要求。, Result: true
[2026-01-04T15:01:02.403+08:00] Assert: 我的页面中存在'婚姻登记证', Thought: 在'我的证照'部分可以看到'婚姻登记证'选项，说明该功能已正常显示, Result: true
[2026-01-04T15:24:49.288+08:00] Assert: 我的页面中存在'婚姻登记证', Thought: 在'我的证照'部分可以看到'婚姻登记证'选项，说明该功能存在, Result: true
[2026-01-04T15:40:45.076+08:00] Assert: 我的页面中存在‘婚姻登记证’, Thought: 在当前页面中可以看到'婚姻登记证'模块，说明该功能存在, Result: true
[2026-01-04T15:52:05.200+08:00] Assert: 首页存在“社保”文字, Thought: 在首页中可以看到“社保”文字，位于服务图标区域，说明条件满足。, Result: true
[2026-01-04T15:52:17.258+08:00] Assert: 办事页面不存在“企业”相关文字, Thought: 当前办事页面中未发现与“企业”相关的文字，说明条件满足。, Result: true
[2026-01-04T15:52:30.006+08:00] Assert: 互动页面存在“个人诉求”文字, Thought: 在互动页面中可以看到“个人诉求”文字，位于12345专区下方，说明条件满足。, Result: true
[2026-01-04T15:52:44.560+08:00] Assert: 我的页面显示用户名“海琪”, Thought: 在“我的”页面顶部可以看到用户名为“*海琪”，说明条件满足。, Result: true
[2026-01-04T15:52:52.484+08:00] Assert: 我的页面存在“婚姻登记证”, Thought: 在“我的”页面中可以看到“婚姻登记证”模块，说明条件满足。, Result: true
[2026-01-04T15:58:13.844+08:00] Assert: 首页存在“社保”文字, Thought: 在首页的功能图标区域，可以清晰看到标有“社保”的图标，说明该文字确实存在。, Result: true
[2026-01-04T15:58:23.672+08:00] Assert: 页面不存在‘企业’相关的文字, Thought: 当前页面内容已检查，未发现包含‘企业’字样的文字，符合指令要求。, Result: true
[2026-01-04T16:04:24.232+08:00] Assert: 页面中‘我的常用’文字可见, Thought: 当前页面中已清晰显示‘我的常用’文字，说明滚动操作已完成目标。, Result: true
[2026-01-04T16:04:36.636+08:00] Assert: 页面是否存在内容, Thought: 页面中包含热门服务、政务地图和政务资讯等多个模块，说明页面有内容, Result: true
[2026-01-04T16:05:40.324+08:00] Assert: “我的常用”文字可见, Thought: 当前页面中已经可以看到“我的常用”文字，说明滚动操作已完成，符合指令要求。, Result: true
[2026-01-04T16:05:51.057+08:00] Assert: 我的常用下存在内容, Thought: 从截图中可以看到，“我的常用”下有多个服务项目，如城乡居社会险、灵活就业人员社保等，说明存在内容。, Result: true
[2026-01-04T16:10:59.830+08:00] Assert: “我的常用”文字可见, Thought: 当前页面中已清晰显示“我的常用”文字，说明滚动操作已完成，符合指令要求。, Result: true
[2026-01-04T16:11:10.829+08:00] Assert: “我的常用”下存在内容, Thought: 从截图中可以看到，“我的常用”下有“城乡居民社会保险”、“灵活就业人员社会”、“二级造价工程师电”、“失业保险”等条目，说明存在内容。, Result: true
[2026-01-04T16:13:10.215+08:00] Assert: '我的常用'下存在内容, Thought: 从截图中可以看到，'我的常用'下有多个条目，包括城乡居民社会保险费缴费信息查询、灵活就业人员社会保险费缴费信息查询等，说明存在内容。, Result: true
[2026-01-04T16:13:50.608+08:00] Assert: 页面中‘我的常用’文字可见, Thought: 当前页面中已显示‘我的常用’文字，说明滚动操作已完成，符合指令要求。, Result: true
[2026-01-04T16:14:05.753+08:00] Assert: “我的常用”下存在内容, Thought: 从截图中可以看到，“我的常用”下有“城乡居民社会保险”、“灵活就业人员社会”、“二级造价工程师电”、“失业保险”等条目，说明存在内容。, Result: true
[2026-01-04T16:15:13.788+08:00] Assert: “我的常用”文字可见, Thought: 当前页面中已清晰显示“我的常用”文字，说明滚动操作已完成，符合指令要求。, Result: true
[2026-01-04T16:15:24.992+08:00] Assert: '我的常用'下存在内容, Thought: 从截图中可以看到，'我的常用'下有多个条目，如城乡居民社会保险费缴费信息查询、灵活就业人员社会保险费缴费信息查询等，说明存在内容。, Result: true
[2026-01-04T16:15:58.095+08:00] Assert: “我的常用”文字可见, Thought: 当前页面中已经可以看到“我的常用”文字，说明滚动操作已完成，符合指令要求。, Result: true
[2026-01-04T16:16:10.850+08:00] Assert: “我的常用”下存在内容, Thought: 从截图中可以看到，“我的常用”下有“城乡居民社会保险”、“灵活就业人员社会...”、“二级造价工程师电...”和“失业保险”四个项目，说明存在内容。, Result: true
[2026-01-04T16:18:22.463+08:00] Assert: “我的常用”文字可见, Thought: 当前页面中已经可以看到“我的常用”文字，说明滚动操作已完成，符合指令要求。, Result: true
[2026-01-04T16:18:35.911+08:00] Assert: 我的常用下存在内容, Thought: 我可以看到“我的常用”下有多个服务选项，如城乡居民社会保险、灵活就业人员社会等，说明该区域存在内容。, Result: true
[2026-01-04T16:19:33.917+08:00] Assert: 页面中‘我的常用’文字可见, Thought: 当前页面顶部已显示‘我的常用’文字，说明滚动目标已达成。, Result: true
[2026-01-04T16:19:44.890+08:00] Assert: “我的常用”下存在内容, Thought: 从截图中可以看到，“我的常用”下有“城乡居民社会保险”、“灵活就业人员社会”、“二级造价工程师电”和“失业保险”等条目，说明存在内容。, Result: true
[2026-01-04T16:20:48.299+08:00] Assert: “我的常用”文字可见, Thought: 当前页面中已清晰显示“我的常用”文字，说明滚动操作已完成，符合指令要求。, Result: true
[2026-01-04T16:21:00.054+08:00] Assert: “我的常用”下存在内容, Thought: 从截图中可以看到，“我的常用”下有“城乡居民社会保险”、“灵活就业人员社会...”、“二级造价工程师电...”和“失业保险”等条目，说明存在内容。, Result: true
[2026-01-04T16:22:20.300+08:00] Assert: “我的常用”文字可见, Thought: 当前页面中已经可以看到“我的常用”文字，说明滚动操作已完成，符合指令要求。, Result: true
[2026-01-04T16:22:33.613+08:00] Assert: “我的常用”下存在内容, Thought: 从截图中可以看到，“我的常用”下有“城乡居民社会保险”、“灵活就业人员社会”、“二级造价工程师电”、“失业保险”等条目，说明存在内容。, Result: true
[2026-01-04T16:23:27.372+08:00] Assert: “我的常用”文字可见, Thought: 当前页面中已清晰显示“我的常用”文字，说明滚动操作已完成，符合指令要求。, Result: true
[2026-01-04T16:23:40.797+08:00] Assert: “我的常用”下存在内容, Thought: 从截图中可以看到，“我的常用”下有“城乡居民社会保险”、“灵活就业人员社会...”、“二级造价工程师电...”和“失业保险”四个项目，说明存在内容。, Result: true
[2026-01-04T16:26:12.651+08:00] Assert: “我的常用”下存在内容, Thought: 从截图中可以看到，“我的常用”下有“城乡居民社会保险”、“灵活就业人员社会...”、“二级造价工程师电...”和“失业保险”四个项目，说明存在内容。, Result: true
[2026-01-04T16:27:04.416+08:00] Assert: “我的常用”文字可见, Thought: 当前页面中，“我的常用”文字清晰可见，说明滚动操作已成功完成。, Result: true
[2026-01-04T16:27:16.159+08:00] Assert: “我的常用”下存在内容, Thought: 从截图中可以看到，“我的常用”下有多个服务项目，如“城乡居民社会保险”、“灵活就业人员社会...”等，说明该区域存在内容。, Result: true
[2026-01-04T16:28:19.787+08:00] Assert: 页面中‘我的常用’文字可见, Thought: 当前页面顶部已显示‘我的常用’文字，说明滚动目标已达成。, Result: true
[2026-01-04T16:28:33.295+08:00] Assert: 我的常用下存在内容, Thought: 从截图中可以看到，“我的常用”下有多个服务项目，如城乡居保、灵活就业人员社保等，说明存在内容。, Result: true
[2026-01-04T16:28:56.673+08:00] Assert: 首页存在“我的常用”文字, Thought: 从截图中可以看到“我的常用”文字清晰显示在页面上，位于热门服务下方，说明该元素确实存在。, Result: true
[2026-01-04T16:39:54.137+08:00] Assert: 页面中可见“政务地图”文字, Thought: 当前页面已显示“政务地图”标题及其相关内容，说明滚动操作成功，目标达成。, Result: true
[2026-01-04T16:40:31.015+08:00] Assert: 页面存在“中南游乐城”文字, Thought: 当前页面显示了地图和“中南游乐城”的标记，说明已成功跳转到“线下办”页面并找到目标文字。, Result: true
[2026-01-04T16:40:46.810+08:00] Assert: 首页存在“政务地图”文字, Thought: 从截图中可以看到“政务地图”文字清晰显示在页面上，说明该元素确实存在。, Result: true
[2026-01-04T17:11:33.564+08:00] Assert: 首页无‘玩转西安’文字, Thought: 当前页面显示的是陕西省相关政务资讯和功能模块，未发现‘玩转西安’相关文字内容，因此断言成立。, Result: true
[2026-01-04T17:32:45.213+08:00] Assert: 站点切换功能测试完成, Thought: 从界面顶部显示陕西省，且页面内容正常加载，说明站点切换功能工作正常, Result: true
[2026-01-04T17:33:25.100+08:00] Assert: 当前站点为西安市, Thought: 页面顶部显示西安市，且功能模块与西安市相关，说明站点切换成功, Result: true
[2026-01-04T17:38:27.831+08:00] Assert: 西安市被选中, Thought: 当前页面显示陕西省下西安市被选中，说明站点切换功能正常, Result: true
[2026-01-04T17:38:39.990+08:00] Assert: 当前站点为陕西省, Thought: 页面显示陕西省已被选中，且有绿色对勾标记，表明切换成功。, Result: true
[2026-01-04T17:39:28.837+08:00] Assert: 成功切换到新城区站点, Thought: 当前页面显示新城区相关服务，表明站点切换功能正常, Result: true
[2026-01-04T17:56:55.738+08:00] Assert: 首页存在“社保”文字, Thought: 在首页的功能图标区域，可以清晰看到标有“社保”的图标，说明该文字确实存在。, Result: true
[2026-01-04T17:57:00.506+08:00] Assert: 页面不存在‘企业’相关的文字, Thought: 当前页面内容已检查，未发现包含‘企业’字样的文字，符合指令要求。, Result: true
[2026-01-04T17:59:46.318+08:00] Assert: 首页存在“社保”文字, Thought: 在首页的图标区域中，可以看到明确标有“社保”的图标，说明该文字确实存在。, Result: true
[2026-01-04T17:59:53.021+08:00] Assert: 页面不存在‘企业’相关的文字, Thought: 当前页面显示了社保、公积金、健康医保等服务分类，但未发现任何与‘企业’相关的文字内容，因此断言成立。, Result: true
[2026-01-04T18:00:41.297+08:00] Assert: 首页存在“社保”文字, Thought: 在首页的图标区域中，可以清晰看到“社保”文字，说明该元素确实存在。, Result: true
[2026-01-04T18:01:28.468+08:00] Assert: 首页存在“社保”文字, Thought: 在首页的图标区域中，可以清晰看到“社保”文字，说明该元素确实存在。, Result: true
[2026-01-04T18:01:43.881+08:00] Assert: 页面中不存在“企业”相关文字, Thought: 当前页面显示的是“线上办·线下办”功能，且未出现任何与“企业”相关的文字内容，因此断言成立。, Result: true
[2026-01-04T18:01:58.382+08:00] Assert: 页面中存在“个人诉求”文字, Thought: 在当前页面的12345专区中，明确显示了“个人诉求”文字，符合指令要求。, Result: true
[2026-01-04T18:02:56.357+08:00] Assert: 首页存在“社保”文字, Thought: 当前页面未显示“社保”相关文字，可能需要滑动或切换页面查找, Result: false
[2026-01-04T18:03:19.515+08:00] Assert: 首页存在“社保”文字, Thought: 在首页的图标区域中，可以清晰看到“社保”文字，说明该元素确实存在。, Result: true
[2026-01-04T18:03:48.619+08:00] Assert: 页面不存在“企业”相关的文字, Thought: 经过多次滑动查找，当前页面所有可见内容均未包含“企业”相关文字，符合指令要求。, Result: true
[2026-01-04T18:04:00.854+08:00] Assert: 页面存在“个人诉求”文字, Thought: 当前页面在12345专区中明确显示了“个人诉求”文字，符合指令要求, Result: true
[2026-01-04T18:04:14.921+08:00] Assert: 页面中显示个人档案和婚姻登记证文字, Thought: 我可以看到页面中有“个人档案”和“婚姻登记证”文字，说明任务已完成。, Result: true
[2026-01-04T18:05:48.784+08:00] Assert: 首页存在“社保”文字, Thought: 当前页面未显示“社保”相关文字，可能需要切换页面或搜索相关内容, Result: false
[2026-01-12T10:48:04.974+08:00] Assert: 当前站点为灞桥区, Thought: 从界面显示的‘灞桥区’下拉菜单可确认站点已成功切换至此区域，符合指令要求。, Result: true
[2026-01-12T11:25:53.077+08:00] Assert: 当前页面显示的是雁塔区的办事数据, Thought: 页面顶部明确显示“雁塔区”，且下方列出的社保、工伤等服务内容符合该区域的办事数据，说明站点切换成功。, Result: true
[2026-01-12T11:27:52.858+08:00] Assert: 当前站点为陕西省，显示相关办事数据, Thought: 页面顶部显示陕西省，且下方列出工伤、社保卡服务等具体办事数据，表明站点切换成功并展示对应数据。, Result: true
[2026-01-12T11:29:10.437+08:00] Assert: 站点已切换至碑林区，且显示相关办事数据, Thought: 当前页面顶部显示“碑林区”，且下方列出了与社保、工伤等相关的办事服务选项，表明站点切换成功并加载了对应区域的办事数据。, Result: true
[2026-01-12T11:50:01.257+08:00] Assert: 当前页面显示的是碑林区的办事数据, Thought: 页面顶部显示“碑林区”，且下方列出了该区域相关的办事事项，说明站点切换成功，显示的是碑林区的办事数据。, Result: true
[2026-01-12T11:51:07.157+08:00] Assert: 当前页面显示的是碑林区的办事数据, Thought: 页面顶部显示“碑林区”，且下方列出了该区域相关的办事事项，说明站点切换成功, Result: true
[2026-01-12T11:52:01.222+08:00] Assert: 新城区办事数据已正确显示, Thought: 当前页面显示的是新城区的相关办事数据，说明切换站点操作成功完成。, Result: true
[2026-01-12T11:54:09.249+08:00] Assert: 当前页面显示的是碑林区的办事数据, Thought: 页面顶部显示“碑林区”，且下方列出了该区域相关的社保、公积金等办事服务，说明已成功切换到碑林区并显示其办事数据。, Result: true
[2026-01-12T11:54:32.637+08:00] Assert: 新城区办事数据已正确显示, Thought: 当前页面顶部显示“新城区”，且下方列出相关办事事项，说明站点切换成功, Result: true
[2026-01-12T14:08:11.281+08:00] Assert: 当前页面显示的是碑林区的办事数据, Thought: 页面顶部显示“碑林区”，且下方列出了该区域相关的办事服务，说明已成功切换并显示对应数据。, Result: true
[2026-01-12T14:17:19.406+08:00] Assert: 当前站点为碑林区，且显示了对应的办事数据, Thought: 页面顶部显示“碑林区”，下方列出了社保、工伤等办事服务，说明已成功切换到碑林区并显示其办事数据。, Result: true
[2026-01-12T15:13:56.001+08:00] Assert: 页面中存在“工伤康复申请确认”文字, Thought: 在当前页面中，我可以看到“工伤康复申请确认”文字位于“工伤”分类下，说明页面加载完成且内容正确显示。, Result: true
[2026-01-12T15:14:39.957+08:00] Assert: 页面存在“工伤康复申请确认”文字, Thought: 在当前页面中，可以清晰看到“工伤康复申请确认”文字，说明页面加载完成且内容符合预期。, Result: true
[2026-01-12T15:15:00.626+08:00] Assert: 页面加载完成，不存在“工伤康复申请确认”文字, Thought: 当前页面显示的是社保相关服务选项，未发现‘工伤康复申请确认’文字，符合预期。, Result: true
[2026-01-12T16:00:03.421+08:00] Assert: 页面加载完成，不存在‘工伤康复申请确认’文字, Thought: 当前页面显示的是工伤相关服务选项，但未找到‘工伤康复申请确认’文字，符合预期。, Result: true
[2026-01-12T16:11:13.828+08:00] Assert: 页面不存在‘出生医学证明信息核验’文字, Thought: 当前页面显示的是按人生事分类的服务列表，未发现‘出生医学证明信息核验’相关文字，符合预期。, Result: true
[2026-01-12T16:38:18.086+08:00] Assert: 页面加载完成，不存在“市城管局”文字，存在“碑林区人社局”文字, Thought: 页面中未发现“市城管局”文字，但存在“碑林区人社局”文字，符合预期条件。, Result: true
