[2025-12-30T11:33:35.633+08:00] argv {
  _: [ '.\\maps-navigation.yaml' ],
  headed: true,
  '$0': 'C:\\Users\\PC\\AppData\\Roaming\\npm\\node_modules\\@midscene\\cli\\bin\\midscene'
}
[2025-12-30T11:35:27.357+08:00] argv {
  _: [ '.\\maps-navigation.yaml' ],
  headed: true,
  '$0': 'C:\\Users\\PC\\AppData\\Roaming\\npm\\node_modules\\@midscene\\cli\\bin\\midscene'
}
[2025-12-30T11:40:44.184+08:00] argv {
  _: [ '.\\maps-navigation.yaml' ],
  headed: true,
  '$0': 'C:\\Users\\PC\\AppData\\Roaming\\npm\\node_modules\\@midscene\\cli\\bin\\midscene'
}
[2025-12-30T11:46:21.697+08:00] argv {
  _: [ '.\\maps-navigation.yaml' ],
  headed: true,
  '$0': 'C:\\Users\\PC\\AppData\\Roaming\\npm\\node_modules\\@midscene\\cli\\bin\\midscene'
}
[2025-12-30T11:46:50.956+08:00] argv {
  _: [ '.\\maps-navigation.yaml' ],
  headed: true,
  '$0': 'C:\\Users\\PC\\AppData\\Roaming\\npm\\node_modules\\@midscene\\cli\\bin\\midscene'
}
[2025-12-30T11:47:27.474+08:00] argv {
  _: [ '.\\maps-navigation.yaml' ],
  headed: true,
  '$0': 'C:\\Users\\PC\\AppData\\Roaming\\npm\\node_modules\\@midscene\\cli\\bin\\midscene'
}
[2025-12-30T11:48:00.647+08:00] argv {
  _: [ '.\\maps-navigation.yaml' ],
  headed: true,
  '$0': 'C:\\Users\\PC\\AppData\\Roaming\\npm\\node_modules\\@midscene\\cli\\bin\\midscene'
}
[2025-12-30T11:48:13.544+08:00] argv {
  _: [ '.\\maps-navigation.yaml' ],
  headed: true,
  '$0': 'C:\\Users\\PC\\AppData\\Roaming\\npm\\node_modules\\@midscene\\cli\\bin\\midscene'
}
[2025-12-30T14:43:14.313+08:00] argv {
  _: [ '.\\maps-navigation.yaml' ],
  headed: true,
  '$0': 'C:\\Users\\PC\\AppData\\Roaming\\npm\\node_modules\\@midscene\\cli\\bin\\midscene'
}
[2025-12-30T15:08:38.217+08:00] argv {
  _: [ '.\\maps-navigation.yaml' ],
  headed: true,
  '$0': 'C:\\Users\\PC\\AppData\\Roaming\\npm\\node_modules\\@midscene\\cli\\bin\\midscene'
}
[2025-12-30T15:17:18.761+08:00] argv {
  _: [ '.\\maps-navigation.yaml' ],
  headed: true,
  '$0': 'C:\\Users\\PC\\AppData\\Roaming\\npm\\node_modules\\@midscene\\cli\\bin\\midscene'
}
[2025-12-30T15:18:09.373+08:00] argv {
  _: [ '.\\maps-navigation.yaml' ],
  headed: true,
  '$0': 'C:\\Users\\PC\\AppData\\Roaming\\npm\\node_modules\\@midscene\\cli\\bin\\midscene'
}
[2025-12-30T15:19:27.218+08:00] argv {
  _: [ '.\\maps-navigation.yaml' ],
  headed: true,
  '$0': 'C:\\Users\\PC\\AppData\\Roaming\\npm\\node_modules\\@midscene\\cli\\bin\\midscene'
}
[2025-12-30T15:26:17.582+08:00] argv {
  _: [ '.\\maps-navigation.yaml' ],
  headed: true,
  '$0': 'C:\\Users\\PC\\AppData\\Roaming\\npm\\node_modules\\@midscene\\cli\\bin\\midscene'
}
[2025-12-30T15:27:41.885+08:00] argv {
  _: [ '.\\maps-navigation.yaml' ],
  headed: true,
  '$0': 'C:\\Users\\PC\\AppData\\Roaming\\npm\\node_modules\\@midscene\\cli\\bin\\midscene'
}
[2025-12-30T15:32:47.670+08:00] argv {
  _: [ '.\\maps-navigation.yaml' ],
  headed: true,
  '$0': 'C:\\Users\\PC\\AppData\\Roaming\\npm\\node_modules\\@midscene\\cli\\bin\\midscene'
}
[2025-12-30T15:40:47.841+08:00] argv {
  _: [ '.\\maps-navigation.yaml' ],
  headed: true,
  '$0': 'C:\\Users\\PC\\AppData\\Roaming\\npm\\node_modules\\@midscene\\cli\\bin\\midscene'
}
[2025-12-30T16:11:13.241+08:00] argv {
  _: [ '.\\maps-navigation.yaml' ],
  headed: true,
  '$0': 'C:\\Users\\PC\\AppData\\Roaming\\npm\\node_modules\\@midscene\\cli\\bin\\midscene'
}
[2025-12-30T16:16:04.070+08:00] argv {
  _: [ '.\\maps-navigation.yaml' ],
  headed: true,
  '$0': 'C:\\Users\\PC\\AppData\\Roaming\\npm\\node_modules\\@midscene\\cli\\bin\\midscene'
}
[2025-12-30T16:21:37.506+08:00] argv {
  _: [ '.\\maps-navigation.yaml' ],
  headed: true,
  '$0': 'C:\\Users\\PC\\AppData\\Roaming\\npm\\node_modules\\@midscene\\cli\\bin\\midscene'
}
[2025-12-30T16:23:13.331+08:00] argv {
  _: [ '.\\maps-navigation.yaml' ],
  headed: true,
  '$0': 'C:\\Users\\PC\\AppData\\Roaming\\npm\\node_modules\\@midscene\\cli\\bin\\midscene'
}
[2025-12-30T16:24:26.886+08:00] argv {
  _: [ '.\\maps-navigation.yaml' ],
  headed: true,
  '$0': 'C:\\Users\\PC\\AppData\\Roaming\\npm\\node_modules\\@midscene\\cli\\bin\\midscene'
}
[2025-12-30T16:26:36.442+08:00] argv {
  _: [ '.\\maps-navigation.yaml' ],
  headed: true,
  '$0': 'C:\\Users\\PC\\AppData\\Roaming\\npm\\node_modules\\@midscene\\cli\\bin\\midscene'
}
[2025-12-30T16:37:58.698+08:00] argv {
  _: [ '.\\maps-navigation.yaml' ],
  headed: true,
  '$0': 'C:\\Users\\PC\\AppData\\Roaming\\npm\\node_modules\\@midscene\\cli\\bin\\midscene'
}
[2025-12-30T16:41:51.772+08:00] argv {
  _: [ '.\\maps-navigation.yaml' ],
  headed: true,
  '$0': 'C:\\Users\\PC\\AppData\\Roaming\\npm\\node_modules\\@midscene\\cli\\bin\\midscene'
}
[2025-12-30T16:49:19.024+08:00] argv {
  _: [ '.\\maps-navigation.yaml' ],
  headed: true,
  '$0': 'C:\\Users\\PC\\AppData\\Roaming\\npm\\node_modules\\@midscene\\cli\\bin\\midscene'
}
[2025-12-30T16:50:36.196+08:00] argv {
  _: [ '.\\maps-navigation.yaml' ],
  headed: true,
  '$0': 'C:\\Users\\PC\\AppData\\Roaming\\npm\\node_modules\\@midscene\\cli\\bin\\midscene'
}
[2025-12-30T16:56:40.256+08:00] argv {
  _: [ '.\\maps-navigation.yaml' ],
  headed: true,
  '$0': 'C:\\Users\\PC\\AppData\\Roaming\\npm\\node_modules\\@midscene\\cli\\bin\\midscene'
}
[2025-12-30T16:58:01.074+08:00] argv {
  _: [ '.\\maps-navigation.yaml' ],
  headed: true,
  '$0': 'C:\\Users\\PC\\AppData\\Roaming\\npm\\node_modules\\@midscene\\cli\\bin\\midscene'
}
[2025-12-30T17:04:29.348+08:00] argv {
  _: [ '.\\maps-navigation.yaml' ],
  headed: true,
  '$0': 'C:\\Users\\PC\\AppData\\Roaming\\npm\\node_modules\\@midscene\\cli\\bin\\midscene'
}
[2025-12-30T17:08:20.736+08:00] argv {
  _: [ '.\\maps-navigation.yaml' ],
  headed: true,
  '$0': 'C:\\Users\\PC\\AppData\\Roaming\\npm\\node_modules\\@midscene\\cli\\bin\\midscene'
}
[2025-12-30T17:10:56.742+08:00] argv {
  _: [ '.\\maps-navigation.yaml' ],
  headed: true,
  '$0': 'C:\\Users\\PC\\AppData\\Roaming\\npm\\node_modules\\@midscene\\cli\\bin\\midscene'
}
[2025-12-30T17:12:40.350+08:00] argv {
  _: [ '.\\maps-navigation.yaml' ],
  headed: true,
  '$0': 'C:\\Users\\PC\\AppData\\Roaming\\npm\\node_modules\\@midscene\\cli\\bin\\midscene'
}
[2025-12-30T17:15:00.671+08:00] argv {
  _: [ '.\\maps-navigation.yaml' ],
  headed: true,
  '$0': 'C:\\Users\\PC\\AppData\\Roaming\\npm\\node_modules\\@midscene\\cli\\bin\\midscene'
}
[2025-12-30T17:16:06.072+08:00] argv {
  _: [ '.\\maps-navigation.yaml' ],
  headed: true,
  '$0': 'C:\\Users\\PC\\AppData\\Roaming\\npm\\node_modules\\@midscene\\cli\\bin\\midscene'
}
[2025-12-30T17:18:30.088+08:00] argv {
  _: [ '.\\maps-navigation.yaml' ],
  headed: true,
  '$0': 'C:\\Users\\PC\\AppData\\Roaming\\npm\\node_modules\\@midscene\\cli\\bin\\midscene'
}
[2025-12-30T17:20:44.057+08:00] argv {
  _: [ '.\\maps-navigation.yaml' ],
  headed: true,
  '$0': 'C:\\Users\\PC\\AppData\\Roaming\\npm\\node_modules\\@midscene\\cli\\bin\\midscene'
}
[2025-12-30T17:26:54.347+08:00] argv {
  _: [ '.\\maps-navigation.yaml' ],
  headed: true,
  '$0': 'C:\\Users\\PC\\AppData\\Roaming\\npm\\node_modules\\@midscene\\cli\\bin\\midscene'
}
[2025-12-30T17:42:05.383+08:00] argv {
  _: [ '.\\maps-navigation.yaml' ],
  headed: true,
  '$0': 'C:\\Users\\PC\\AppData\\Roaming\\npm\\node_modules\\@midscene\\cli\\bin\\midscene'
}
[2025-12-30T17:54:25.229+08:00] argv {
  _: [ '.\\maps-navigation.yaml' ],
  headed: true,
  '$0': 'C:\\Users\\PC\\AppData\\Roaming\\npm\\node_modules\\@midscene\\cli\\bin\\midscene'
}
[2025-12-30T17:56:53.175+08:00] argv {
  _: [ '.\\maps-navigation.yaml' ],
  headed: true,
  '$0': 'C:\\Users\\PC\\AppData\\Roaming\\npm\\node_modules\\@midscene\\cli\\bin\\midscene'
}
[2025-12-30T17:59:08.369+08:00] argv {
  _: [ '.\\maps-navigation.yaml' ],
  headed: true,
  '$0': 'C:\\Users\\PC\\AppData\\Roaming\\npm\\node_modules\\@midscene\\cli\\bin\\midscene'
}
[2025-12-30T18:01:55.591+08:00] argv {
  _: [ '.\\maps-navigation.yaml' ],
  headed: true,
  '$0': 'C:\\Users\\PC\\AppData\\Roaming\\npm\\node_modules\\@midscene\\cli\\bin\\midscene'
}
[2025-12-31T10:08:47.207+08:00] argv {
  _: [ '.\\maps-navigation.yaml' ],
  headed: true,
  '$0': 'C:\\Users\\PC\\AppData\\Roaming\\npm\\node_modules\\@midscene\\cli\\bin\\midscene'
}
[2025-12-31T10:09:35.846+08:00] argv {
  _: [ '.\\maps-navigation.yaml' ],
  headed: true,
  '$0': 'C:\\Users\\PC\\AppData\\Roaming\\npm\\node_modules\\@midscene\\cli\\bin\\midscene'
}
[2025-12-31T10:10:58.747+08:00] argv {
  _: [ '.\\maps-navigation.yaml' ],
  headed: true,
  '$0': 'C:\\Users\\PC\\AppData\\Roaming\\npm\\node_modules\\@midscene\\cli\\bin\\midscene'
}
[2025-12-31T11:19:24.842+08:00] argv {
  _: [ '.\\maps-navigation.yaml' ],
  headed: true,
  '$0': 'C:\\Users\\PC\\AppData\\Roaming\\npm\\node_modules\\@midscene\\cli\\bin\\midscene'
}
[2025-12-31T11:29:22.373+08:00] argv {
  _: [ '.\\maps-navigation.yaml' ],
  headed: true,
  '$0': 'C:\\Users\\PC\\AppData\\Roaming\\npm\\node_modules\\@midscene\\cli\\bin\\midscene'
}
[2025-12-31T14:26:51.712+08:00] argv {
  _: [ '.\\maps-navigation.yaml' ],
  headed: true,
  '$0': 'C:\\Users\\PC\\AppData\\Roaming\\npm\\node_modules\\@midscene\\cli\\bin\\midscene'
}
[2025-12-31T14:29:34.679+08:00] argv {
  _: [ '.\\maps-navigation.yaml' ],
  headed: true,
  '$0': 'C:\\Users\\PC\\AppData\\Roaming\\npm\\node_modules\\@midscene\\cli\\bin\\midscene'
}
[2025-12-31T14:33:38.130+08:00] argv {
  _: [ '.\\maps-navigation.yaml' ],
  headed: true,
  '$0': 'C:\\Users\\PC\\AppData\\Roaming\\npm\\node_modules\\@midscene\\cli\\bin\\midscene'
}
[2025-12-31T14:38:10.637+08:00] argv {
  _: [ '.\\maps-navigation.yaml' ],
  headed: true,
  '$0': 'C:\\Users\\PC\\AppData\\Roaming\\npm\\node_modules\\@midscene\\cli\\bin\\midscene'
}
[2025-12-31T14:48:07.956+08:00] argv {
  _: [ '.\\maps-navigation.yaml' ],
  headed: true,
  '$0': 'C:\\Users\\PC\\AppData\\Roaming\\npm\\node_modules\\@midscene\\cli\\bin\\midscene'
}
[2025-12-31T14:48:40.430+08:00] argv {
  _: [ '.\\maps-navigation.yaml' ],
  headed: true,
  '$0': 'C:\\Users\\PC\\AppData\\Roaming\\npm\\node_modules\\@midscene\\cli\\bin\\midscene'
}
[2025-12-31T14:49:32.824+08:00] argv {
  _: [ '.\\maps-navigation.yaml' ],
  headed: true,
  '$0': 'C:\\Users\\PC\\AppData\\Roaming\\npm\\node_modules\\@midscene\\cli\\bin\\midscene'
}
[2025-12-31T15:24:32.909+08:00] argv {
  _: [ '.\\maps-navigation.yaml' ],
  headed: true,
  '$0': 'C:\\Users\\PC\\AppData\\Roaming\\npm\\node_modules\\@midscene\\cli\\bin\\midscene'
}
[2025-12-31T15:26:58.604+08:00] argv {
  _: [ '.\\maps-navigation.yaml' ],
  headed: true,
  '$0': 'C:\\Users\\PC\\AppData\\Roaming\\npm\\node_modules\\@midscene\\cli\\bin\\midscene'
}
[2025-12-31T15:28:02.419+08:00] argv {
  _: [ '.\\maps-navigation.yaml' ],
  headed: true,
  '$0': 'C:\\Users\\PC\\AppData\\Roaming\\npm\\node_modules\\@midscene\\cli\\bin\\midscene'
}
[2025-12-31T15:32:50.803+08:00] argv {
  _: [ '.\\maps-navigation.yaml' ],
  headed: true,
  '$0': 'C:\\Users\\PC\\AppData\\Roaming\\npm\\node_modules\\@midscene\\cli\\bin\\midscene'
}
[2025-12-31T15:36:49.155+08:00] argv {
  _: [ '.\\maps-navigation.yaml' ],
  headed: true,
  '$0': 'C:\\Users\\PC\\AppData\\Roaming\\npm\\node_modules\\@midscene\\cli\\bin\\midscene'
}
[2025-12-31T15:41:39.562+08:00] argv {
  _: [ '.\\qin.yaml' ],
  headed: true,
  '$0': 'C:\\Users\\PC\\AppData\\Roaming\\npm\\node_modules\\@midscene\\cli\\bin\\midscene'
}
[2025-12-31T15:43:00.914+08:00] argv {
  _: [ '.\\qin.yaml' ],
  headed: true,
  '$0': 'C:\\Users\\PC\\AppData\\Roaming\\npm\\node_modules\\@midscene\\cli\\bin\\midscene'
}
[2025-12-31T15:44:13.310+08:00] argv {
  _: [ '.\\qin.yaml' ],
  headed: true,
  '$0': 'C:\\Users\\PC\\AppData\\Roaming\\npm\\node_modules\\@midscene\\cli\\bin\\midscene'
}
[2025-12-31T15:48:07.993+08:00] argv {
  _: [ '.\\qin.yaml' ],
  headed: true,
  '$0': 'C:\\Users\\PC\\AppData\\Roaming\\npm\\node_modules\\@midscene\\cli\\bin\\midscene'
}
[2025-12-31T15:53:37.578+08:00] argv {
  _: [ '.\\qin.yaml' ],
  headed: true,
  '$0': 'C:\\Users\\PC\\AppData\\Roaming\\npm\\node_modules\\@midscene\\cli\\bin\\midscene'
}
[2025-12-31T15:54:42.708+08:00] argv {
  _: [ '.\\qin.yaml' ],
  headed: true,
  '$0': 'C:\\Users\\PC\\AppData\\Roaming\\npm\\node_modules\\@midscene\\cli\\bin\\midscene'
}
[2025-12-31T16:01:11.538+08:00] argv {
  _: [ '.\\qin.yaml' ],
  headed: true,
  '$0': 'C:\\Users\\PC\\AppData\\Roaming\\npm\\node_modules\\@midscene\\cli\\bin\\midscene'
}
[2025-12-31T16:04:02.300+08:00] argv {
  _: [ '.\\qin.yaml' ],
  headed: true,
  '$0': 'C:\\Users\\PC\\AppData\\Roaming\\npm\\node_modules\\@midscene\\cli\\bin\\midscene'
}
[2025-12-31T16:14:43.392+08:00] argv {
  _: [ '.\\qin.yaml' ],
  headed: true,
  '$0': 'C:\\Users\\PC\\AppData\\Roaming\\npm\\node_modules\\@midscene\\cli\\bin\\midscene'
}
[2025-12-31T16:36:20.183+08:00] argv {
  _: [ '.\\qin.yaml' ],
  headed: true,
  '$0': 'C:\\Users\\PC\\AppData\\Roaming\\npm\\node_modules\\@midscene\\cli\\bin\\midscene'
}
[2025-12-31T16:37:36.466+08:00] argv {
  _: [ '.\\qin.yaml' ],
  headed: true,
  '$0': 'C:\\Users\\PC\\AppData\\Roaming\\npm\\node_modules\\@midscene\\cli\\bin\\midscene'
}
[2025-12-31T16:39:24.896+08:00] argv {
  _: [ '.\\qin.yaml' ],
  headed: true,
  '$0': 'C:\\Users\\PC\\AppData\\Roaming\\npm\\node_modules\\@midscene\\cli\\bin\\midscene'
}
[2025-12-31T16:39:41.962+08:00] argv {
  _: [ '.\\qin.yaml' ],
  headed: true,
  '$0': 'C:\\Users\\PC\\AppData\\Roaming\\npm\\node_modules\\@midscene\\cli\\bin\\midscene'
}
[2025-12-31T16:41:46.550+08:00] argv {
  _: [ '.\\qin.yaml' ],
  headed: true,
  '$0': 'C:\\Users\\PC\\AppData\\Roaming\\npm\\node_modules\\@midscene\\cli\\bin\\midscene'
}
[2025-12-31T16:42:33.241+08:00] argv {
  _: [ '.\\qin.yaml' ],
  headed: true,
  '$0': 'C:\\Users\\PC\\AppData\\Roaming\\npm\\node_modules\\@midscene\\cli\\bin\\midscene'
}
[2025-12-31T16:54:55.268+08:00] argv {
  _: [ '.\\qin.yaml' ],
  headed: true,
  '$0': 'C:\\Users\\PC\\AppData\\Roaming\\npm\\node_modules\\@midscene\\cli\\bin\\midscene'
}
[2025-12-31T16:57:39.138+08:00] argv {
  _: [ '.\\qin.yaml' ],
  headed: true,
  '$0': 'C:\\Users\\PC\\AppData\\Roaming\\npm\\node_modules\\@midscene\\cli\\bin\\midscene'
}
[2025-12-31T16:59:53.769+08:00] argv {
  _: [ '.\\qin.yaml' ],
  headed: true,
  '$0': 'C:\\Users\\PC\\AppData\\Roaming\\npm\\node_modules\\@midscene\\cli\\bin\\midscene'
}
[2025-12-31T17:01:49.238+08:00] argv {
  _: [ '.\\qin.yaml' ],
  headed: true,
  '$0': 'C:\\Users\\PC\\AppData\\Roaming\\npm\\node_modules\\@midscene\\cli\\bin\\midscene'
}
[2025-12-31T17:04:33.922+08:00] argv {
  _: [ '.\\qin.yaml' ],
  headed: true,
  '$0': 'C:\\Users\\PC\\AppData\\Roaming\\npm\\node_modules\\@midscene\\cli\\bin\\midscene'
}
[2025-12-31T17:05:35.881+08:00] argv {
  _: [ '.\\qin.yaml' ],
  headed: true,
  '$0': 'C:\\Users\\PC\\AppData\\Roaming\\npm\\node_modules\\@midscene\\cli\\bin\\midscene'
}
[2025-12-31T17:08:41.938+08:00] argv {
  _: [ '.\\qin.yaml' ],
  headed: true,
  '$0': 'C:\\Users\\PC\\AppData\\Roaming\\npm\\node_modules\\@midscene\\cli\\bin\\midscene'
}
[2025-12-31T17:09:48.110+08:00] argv {
  _: [ '.\\qin.yaml' ],
  headed: true,
  '$0': 'C:\\Users\\PC\\AppData\\Roaming\\npm\\node_modules\\@midscene\\cli\\bin\\midscene'
}
[2025-12-31T17:13:53.674+08:00] argv {
  _: [ '.\\qin.yaml' ],
  headed: true,
  '$0': 'C:\\Users\\PC\\AppData\\Roaming\\npm\\node_modules\\@midscene\\cli\\bin\\midscene'
}
[2025-12-31T17:15:21.410+08:00] argv {
  _: [ '.\\qin.yaml' ],
  headed: true,
  '$0': 'C:\\Users\\PC\\AppData\\Roaming\\npm\\node_modules\\@midscene\\cli\\bin\\midscene'
}
[2025-12-31T17:17:32.225+08:00] argv {
  _: [ '.\\qin.yaml' ],
  headed: true,
  '$0': 'C:\\Users\\PC\\AppData\\Roaming\\npm\\node_modules\\@midscene\\cli\\bin\\midscene'
}
[2025-12-31T17:21:28.892+08:00] argv {
  _: [ '.\\qin.yaml' ],
  headed: true,
  '$0': 'C:\\Users\\PC\\AppData\\Roaming\\npm\\node_modules\\@midscene\\cli\\bin\\midscene'
}
[2025-12-31T17:22:57.654+08:00] argv {
  _: [ '.\\qin.yaml' ],
  headed: true,
  '$0': 'C:\\Users\\PC\\AppData\\Roaming\\npm\\node_modules\\@midscene\\cli\\bin\\midscene'
}
[2025-12-31T17:24:41.903+08:00] argv {
  _: [ '.\\qin.yaml' ],
  headed: true,
  '$0': 'C:\\Users\\PC\\AppData\\Roaming\\npm\\node_modules\\@midscene\\cli\\bin\\midscene'
}
[2025-12-31T17:25:08.494+08:00] argv {
  _: [ '.\\qin.yaml' ],
  headed: true,
  '$0': 'C:\\Users\\PC\\AppData\\Roaming\\npm\\node_modules\\@midscene\\cli\\bin\\midscene'
}
[2025-12-31T17:25:38.833+08:00] argv {
  _: [ '.\\qin.yaml' ],
  headed: true,
  '$0': 'C:\\Users\\PC\\AppData\\Roaming\\npm\\node_modules\\@midscene\\cli\\bin\\midscene'
}
[2025-12-31T17:30:20.739+08:00] argv {
  _: [ '.\\qin.yaml' ],
  headed: true,
  '$0': 'C:\\Users\\PC\\AppData\\Roaming\\npm\\node_modules\\@midscene\\cli\\bin\\midscene'
}
[2025-12-31T17:32:09.025+08:00] argv {
  _: [ '.\\qin.yaml' ],
  headed: true,
  '$0': 'C:\\Users\\PC\\AppData\\Roaming\\npm\\node_modules\\@midscene\\cli\\bin\\midscene'
}
[2025-12-31T17:40:25.568+08:00] argv {
  _: [ '.\\qin.yaml' ],
  headed: true,
  '$0': 'C:\\Users\\PC\\AppData\\Roaming\\npm\\node_modules\\@midscene\\cli\\bin\\midscene'
}
[2025-12-31T17:42:47.101+08:00] argv {
  _: [ '.\\qin.yaml' ],
  headed: true,
  '$0': 'C:\\Users\\PC\\AppData\\Roaming\\npm\\node_modules\\@midscene\\cli\\bin\\midscene'
}
[2025-12-31T17:44:14.707+08:00] argv {
  _: [ '.\\qin.yaml' ],
  headed: true,
  '$0': 'C:\\Users\\PC\\AppData\\Roaming\\npm\\node_modules\\@midscene\\cli\\bin\\midscene'
}
[2025-12-31T17:48:11.227+08:00] argv {
  _: [ '.\\qin.yaml' ],
  headed: true,
  '$0': 'C:\\Users\\PC\\AppData\\Roaming\\npm\\node_modules\\@midscene\\cli\\bin\\midscene'
}
[2025-12-31T17:54:07.737+08:00] argv {
  _: [ '.\\qin.yaml' ],
  headed: true,
  '$0': 'C:\\Users\\PC\\AppData\\Roaming\\npm\\node_modules\\@midscene\\cli\\bin\\midscene'
}
[2025-12-31T17:58:44.051+08:00] argv {
  _: [ '.\\qin.yaml' ],
  headed: true,
  '$0': 'C:\\Users\\PC\\AppData\\Roaming\\npm\\node_modules\\@midscene\\cli\\bin\\midscene'
}
[2025-12-31T18:01:10.051+08:00] argv {
  _: [ '.\\qin.yaml' ],
  headed: true,
  '$0': 'C:\\Users\\PC\\AppData\\Roaming\\npm\\node_modules\\@midscene\\cli\\bin\\midscene'
}
[2026-01-04T09:38:33.897+08:00] argv {
  _: [ '.\\qin.yaml' ],
  headed: true,
  '$0': 'C:\\Users\\PC\\AppData\\Roaming\\npm\\node_modules\\@midscene\\cli\\bin\\midscene'
}
[2026-01-04T09:44:43.192+08:00] argv {
  _: [ '.\\qin_1.yaml' ],
  headed: true,
  '$0': 'C:\\Users\\PC\\AppData\\Roaming\\npm\\node_modules\\@midscene\\cli\\bin\\midscene'
}
[2026-01-04T09:47:13.607+08:00] argv {
  _: [ '.\\qin_1.yaml' ],
  headed: true,
  '$0': 'C:\\Users\\PC\\AppData\\Roaming\\npm\\node_modules\\@midscene\\cli\\bin\\midscene'
}
[2026-01-04T09:52:11.003+08:00] argv {
  _: [ '.\\qin_1.yaml' ],
  headed: true,
  '$0': 'C:\\Users\\PC\\AppData\\Roaming\\npm\\node_modules\\@midscene\\cli\\bin\\midscene'
}
[2026-01-04T09:54:49.272+08:00] argv {
  _: [ '.\\qin_1.yaml' ],
  headed: true,
  '$0': 'C:\\Users\\PC\\AppData\\Roaming\\npm\\node_modules\\@midscene\\cli\\bin\\midscene'
}
[2026-01-04T09:59:38.344+08:00] argv {
  _: [ '.\\qin_1.yaml' ],
  headed: true,
  '$0': 'C:\\Users\\PC\\AppData\\Roaming\\npm\\node_modules\\@midscene\\cli\\bin\\midscene'
}
[2026-01-04T10:01:24.568+08:00] argv {
  _: [ '.\\qin_1.yaml' ],
  headed: true,
  '$0': 'C:\\Users\\PC\\AppData\\Roaming\\npm\\node_modules\\@midscene\\cli\\bin\\midscene'
}
[2026-01-04T10:04:44.876+08:00] argv {
  _: [ '.\\qin_1.yaml' ],
  headed: true,
  '$0': 'C:\\Users\\PC\\AppData\\Roaming\\npm\\node_modules\\@midscene\\cli\\bin\\midscene'
}
[2026-01-04T10:07:55.432+08:00] argv {
  _: [ '.\\qin_1.yaml' ],
  headed: true,
  '$0': 'C:\\Users\\PC\\AppData\\Roaming\\npm\\node_modules\\@midscene\\cli\\bin\\midscene'
}
[2026-01-04T10:09:59.465+08:00] argv {
  _: [ '.\\qin_1.yaml' ],
  headed: true,
  '$0': 'C:\\Users\\PC\\AppData\\Roaming\\npm\\node_modules\\@midscene\\cli\\bin\\midscene'
}
[2026-01-04T10:19:53.951+08:00] argv {
  _: [ '.\\qin_1.yaml' ],
  headed: true,
  '$0': 'C:\\Users\\PC\\AppData\\Roaming\\npm\\node_modules\\@midscene\\cli\\bin\\midscene'
}
[2026-01-04T10:23:04.082+08:00] argv {
  _: [ '.\\qin_1.yaml' ],
  headed: true,
  '$0': 'C:\\Users\\PC\\AppData\\Roaming\\npm\\node_modules\\@midscene\\cli\\bin\\midscene'
}
[2026-01-04T10:29:22.967+08:00] argv {
  _: [ '.\\qin_1.yaml' ],
  headed: true,
  '$0': 'C:\\Users\\PC\\AppData\\Roaming\\npm\\node_modules\\@midscene\\cli\\bin\\midscene'
}
[2026-01-04T10:38:50.072+08:00] argv {
  _: [ '.\\qin_1.yaml' ],
  headed: true,
  '$0': 'C:\\Users\\PC\\AppData\\Roaming\\npm\\node_modules\\@midscene\\cli\\bin\\midscene'
}
[2026-01-04T10:39:14.104+08:00] argv {
  _: [ '.\\Face_login.yaml' ],
  headed: true,
  '$0': 'C:\\Users\\PC\\AppData\\Roaming\\npm\\node_modules\\@midscene\\cli\\bin\\midscene'
}
[2026-01-04T10:41:45.713+08:00] argv {
  _: [ '.\\Face_login.yaml' ],
  headed: true,
  '$0': 'C:\\Users\\PC\\AppData\\Roaming\\npm\\node_modules\\@midscene\\cli\\bin\\midscene'
}
[2026-01-04T10:49:19.316+08:00] argv {
  _: [ '.\\Face_login.yaml' ],
  headed: true,
  '$0': 'C:\\Users\\PC\\AppData\\Roaming\\npm\\node_modules\\@midscene\\cli\\bin\\midscene'
}
[2026-01-04T10:55:54.280+08:00] argv {
  _: [ '.\\qin.yaml' ],
  headed: true,
  '$0': 'C:\\Users\\PC\\AppData\\Roaming\\npm\\node_modules\\@midscene\\cli\\bin\\midscene'
}
[2026-01-04T10:58:36.980+08:00] argv {
  _: [ '.\\qin.yaml' ],
  headed: true,
  '$0': 'C:\\Users\\PC\\AppData\\Roaming\\npm\\node_modules\\@midscene\\cli\\bin\\midscene'
}
[2026-01-04T11:11:50.193+08:00] argv {
  _: [ '.\\qin.yaml' ],
  headed: true,
  '$0': 'C:\\Users\\PC\\AppData\\Roaming\\npm\\node_modules\\@midscene\\cli\\bin\\midscene'
}
[2026-01-04T11:13:13.901+08:00] argv {
  _: [ '.\\qin.yaml' ],
  headed: true,
  '$0': 'C:\\Users\\PC\\AppData\\Roaming\\npm\\node_modules\\@midscene\\cli\\bin\\midscene'
}
[2026-01-04T11:13:29.278+08:00] argv {
  _: [ '.\\qin.yaml' ],
  headed: true,
  '$0': 'C:\\Users\\PC\\AppData\\Roaming\\npm\\node_modules\\@midscene\\cli\\bin\\midscene'
}
[2026-01-04T11:13:59.351+08:00] argv {
  _: [ '.\\qin.yaml' ],
  headed: true,
  '$0': 'C:\\Users\\PC\\AppData\\Roaming\\npm\\node_modules\\@midscene\\cli\\bin\\midscene'
}
[2026-01-04T11:15:41.735+08:00] argv {
  _: [ '.\\qin.yaml' ],
  headed: true,
  '$0': 'C:\\Users\\PC\\AppData\\Roaming\\npm\\node_modules\\@midscene\\cli\\bin\\midscene'
}
[2026-01-04T11:17:00.780+08:00] argv {
  _: [ '.\\qin.yaml' ],
  headed: true,
  '$0': 'C:\\Users\\PC\\AppData\\Roaming\\npm\\node_modules\\@midscene\\cli\\bin\\midscene'
}
[2026-01-04T11:23:44.143+08:00] argv {
  _: [ '.\\qin.yaml' ],
  headed: true,
  '$0': 'C:\\Users\\PC\\AppData\\Roaming\\npm\\node_modules\\@midscene\\cli\\bin\\midscene'
}
[2026-01-04T11:29:31.730+08:00] argv {
  _: [ '.\\qin.yaml' ],
  headed: true,
  '$0': 'C:\\Users\\PC\\AppData\\Roaming\\npm\\node_modules\\@midscene\\cli\\bin\\midscene'
}
[2026-01-04T11:32:12.219+08:00] argv {
  _: [ '.\\qin.yaml' ],
  headed: true,
  '$0': 'C:\\Users\\PC\\AppData\\Roaming\\npm\\node_modules\\@midscene\\cli\\bin\\midscene'
}
[2026-01-04T11:34:45.118+08:00] argv {
  _: [ '.\\qin.yaml' ],
  headed: true,
  '$0': 'C:\\Users\\PC\\AppData\\Roaming\\npm\\node_modules\\@midscene\\cli\\bin\\midscene'
}
[2026-01-04T11:38:22.654+08:00] argv {
  _: [ '.\\qin.yaml' ],
  headed: true,
  '$0': 'C:\\Users\\PC\\AppData\\Roaming\\npm\\node_modules\\@midscene\\cli\\bin\\midscene'
}
[2026-01-04T11:39:26.571+08:00] argv {
  _: [ '.\\qin.yaml' ],
  headed: true,
  '$0': 'C:\\Users\\PC\\AppData\\Roaming\\npm\\node_modules\\@midscene\\cli\\bin\\midscene'
}
[2026-01-04T11:40:40.723+08:00] argv {
  _: [ '.\\qin.yaml' ],
  headed: true,
  '$0': 'C:\\Users\\PC\\AppData\\Roaming\\npm\\node_modules\\@midscene\\cli\\bin\\midscene'
}
[2026-01-04T11:46:25.485+08:00] argv {
  _: [ '.\\qin.yaml' ],
  headed: true,
  '$0': 'C:\\Users\\PC\\AppData\\Roaming\\npm\\node_modules\\@midscene\\cli\\bin\\midscene'
}
[2026-01-04T11:48:39.770+08:00] argv {
  _: [ '.\\qin.yaml' ],
  headed: true,
  '$0': 'C:\\Users\\PC\\AppData\\Roaming\\npm\\node_modules\\@midscene\\cli\\bin\\midscene'
}
[2026-01-04T11:50:42.641+08:00] argv {
  _: [ '.\\qin.yaml' ],
  headed: true,
  '$0': 'C:\\Users\\PC\\AppData\\Roaming\\npm\\node_modules\\@midscene\\cli\\bin\\midscene'
}
[2026-01-04T11:52:20.611+08:00] argv {
  _: [ '.\\qin.yaml' ],
  headed: true,
  '$0': 'C:\\Users\\PC\\AppData\\Roaming\\npm\\node_modules\\@midscene\\cli\\bin\\midscene'
}
[2026-01-04T11:53:42.637+08:00] argv {
  _: [ '.\\qin.yaml' ],
  headed: true,
  '$0': 'C:\\Users\\PC\\AppData\\Roaming\\npm\\node_modules\\@midscene\\cli\\bin\\midscene'
}
[2026-01-04T11:56:04.770+08:00] argv {
  _: [ '.\\qin.yaml' ],
  headed: true,
  '$0': 'C:\\Users\\PC\\AppData\\Roaming\\npm\\node_modules\\@midscene\\cli\\bin\\midscene'
}
[2026-01-04T11:57:13.056+08:00] argv {
  _: [ '.\\qin.yaml' ],
  headed: true,
  '$0': 'C:\\Users\\PC\\AppData\\Roaming\\npm\\node_modules\\@midscene\\cli\\bin\\midscene'
}
[2026-01-04T11:57:39.998+08:00] argv {
  _: [ '.\\qin.yaml' ],
  headed: true,
  '$0': 'C:\\Users\\PC\\AppData\\Roaming\\npm\\node_modules\\@midscene\\cli\\bin\\midscene'
}
[2026-01-04T11:59:20.171+08:00] argv {
  _: [ '.\\qin.yaml' ],
  headed: true,
  '$0': 'C:\\Users\\PC\\AppData\\Roaming\\npm\\node_modules\\@midscene\\cli\\bin\\midscene'
}
[2026-01-04T12:02:01.616+08:00] argv {
  _: [ '.\\Scan.yaml' ],
  headed: true,
  '$0': 'C:\\Users\\PC\\AppData\\Roaming\\npm\\node_modules\\@midscene\\cli\\bin\\midscene'
}
[2026-01-04T12:03:37.469+08:00] argv {
  _: [ '.\\Scan.yaml' ],
  headed: true,
  '$0': 'C:\\Users\\PC\\AppData\\Roaming\\npm\\node_modules\\@midscene\\cli\\bin\\midscene'
}
[2026-01-04T12:05:21.742+08:00] argv {
  _: [ '.\\Scan.yaml' ],
  headed: true,
  '$0': 'C:\\Users\\PC\\AppData\\Roaming\\npm\\node_modules\\@midscene\\cli\\bin\\midscene'
}
[2026-01-04T12:06:38.253+08:00] argv {
  _: [ '.\\Scan.yaml' ],
  headed: true,
  '$0': 'C:\\Users\\PC\\AppData\\Roaming\\npm\\node_modules\\@midscene\\cli\\bin\\midscene'
}
[2026-01-04T12:08:26.398+08:00] argv {
  _: [ '.\\Scan.yaml' ],
  headed: true,
  '$0': 'C:\\Users\\PC\\AppData\\Roaming\\npm\\node_modules\\@midscene\\cli\\bin\\midscene'
}
[2026-01-04T12:10:58.646+08:00] argv {
  _: [ '.\\Scan.yaml' ],
  headed: true,
  '$0': 'C:\\Users\\PC\\AppData\\Roaming\\npm\\node_modules\\@midscene\\cli\\bin\\midscene'
}
[2026-01-04T12:12:18.211+08:00] argv {
  _: [ '.\\Scan.yaml' ],
  headed: true,
  '$0': 'C:\\Users\\PC\\AppData\\Roaming\\npm\\node_modules\\@midscene\\cli\\bin\\midscene'
}
[2026-01-04T12:14:22.098+08:00] argv {
  _: [ '.\\Scan.yaml' ],
  headed: true,
  '$0': 'C:\\Users\\PC\\AppData\\Roaming\\npm\\node_modules\\@midscene\\cli\\bin\\midscene'
}
[2026-01-04T12:15:02.052+08:00] argv {
  _: [ '.\\Scan.yaml' ],
  headed: true,
  '$0': 'C:\\Users\\PC\\AppData\\Roaming\\npm\\node_modules\\@midscene\\cli\\bin\\midscene'
}
[2026-01-04T12:15:56.785+08:00] argv {
  _: [ '.\\Scan.yaml' ],
  headed: true,
  '$0': 'C:\\Users\\PC\\AppData\\Roaming\\npm\\node_modules\\@midscene\\cli\\bin\\midscene'
}
[2026-01-04T12:17:00.231+08:00] argv {
  _: [ '.\\Scan.yaml' ],
  headed: true,
  '$0': 'C:\\Users\\PC\\AppData\\Roaming\\npm\\node_modules\\@midscene\\cli\\bin\\midscene'
}
[2026-01-04T12:18:27.544+08:00] argv {
  _: [ '.\\Scan.yaml' ],
  headed: true,
  '$0': 'C:\\Users\\PC\\AppData\\Roaming\\npm\\node_modules\\@midscene\\cli\\bin\\midscene'
}
[2026-01-04T12:19:52.701+08:00] argv {
  _: [ '.\\Scan.yaml' ],
  headed: true,
  '$0': 'C:\\Users\\PC\\AppData\\Roaming\\npm\\node_modules\\@midscene\\cli\\bin\\midscene'
}
[2026-01-04T12:20:23.901+08:00] argv {
  _: [ '.\\Scan.yaml' ],
  headed: true,
  '$0': 'C:\\Users\\PC\\AppData\\Roaming\\npm\\node_modules\\@midscene\\cli\\bin\\midscene'
}
[2026-01-04T12:21:55.260+08:00] argv {
  _: [ '.\\Scan.yaml' ],
  headed: true,
  '$0': 'C:\\Users\\PC\\AppData\\Roaming\\npm\\node_modules\\@midscene\\cli\\bin\\midscene'
}
[2026-01-04T12:23:35.387+08:00] argv {
  _: [ '.\\Scan.yaml' ],
  headed: true,
  '$0': 'C:\\Users\\PC\\AppData\\Roaming\\npm\\node_modules\\@midscene\\cli\\bin\\midscene'
}
[2026-01-04T12:25:23.680+08:00] argv {
  _: [ '.\\Scan.yaml' ],
  headed: true,
  '$0': 'C:\\Users\\PC\\AppData\\Roaming\\npm\\node_modules\\@midscene\\cli\\bin\\midscene'
}
[2026-01-04T12:26:52.683+08:00] argv {
  _: [ '.\\Scan.yaml' ],
  headed: true,
  '$0': 'C:\\Users\\PC\\AppData\\Roaming\\npm\\node_modules\\@midscene\\cli\\bin\\midscene'
}
[2026-01-04T12:27:18.150+08:00] argv {
  _: [ '.\\Scan.yaml' ],
  headed: true,
  '$0': 'C:\\Users\\PC\\AppData\\Roaming\\npm\\node_modules\\@midscene\\cli\\bin\\midscene'
}
[2026-01-04T12:27:37.712+08:00] argv {
  _: [ '.\\Scan.yaml' ],
  headed: true,
  '$0': 'C:\\Users\\PC\\AppData\\Roaming\\npm\\node_modules\\@midscene\\cli\\bin\\midscene'
}
[2026-01-04T12:28:49.370+08:00] argv {
  _: [ '.\\Scan.yaml' ],
  headed: true,
  '$0': 'C:\\Users\\PC\\AppData\\Roaming\\npm\\node_modules\\@midscene\\cli\\bin\\midscene'
}
[2026-01-04T12:30:13.240+08:00] argv {
  _: [ '.\\Scan.yaml' ],
  headed: true,
  '$0': 'C:\\Users\\PC\\AppData\\Roaming\\npm\\node_modules\\@midscene\\cli\\bin\\midscene'
}
[2026-01-04T12:32:15.415+08:00] argv {
  _: [ '.\\Scan.yaml' ],
  headed: true,
  '$0': 'C:\\Users\\PC\\AppData\\Roaming\\npm\\node_modules\\@midscene\\cli\\bin\\midscene'
}
[2026-01-04T12:32:31.727+08:00] argv {
  _: [ '.\\Scan.yaml' ],
  headed: true,
  '$0': 'C:\\Users\\PC\\AppData\\Roaming\\npm\\node_modules\\@midscene\\cli\\bin\\midscene'
}
[2026-01-04T12:33:44.134+08:00] argv {
  _: [ '.\\Scan.yaml' ],
  headed: true,
  '$0': 'C:\\Users\\PC\\AppData\\Roaming\\npm\\node_modules\\@midscene\\cli\\bin\\midscene'
}
[2026-01-04T12:36:23.834+08:00] argv {
  _: [ '.\\Scan.yaml' ],
  headed: true,
  '$0': 'C:\\Users\\PC\\AppData\\Roaming\\npm\\node_modules\\@midscene\\cli\\bin\\midscene'
}
[2026-01-04T12:39:57.985+08:00] argv {
  _: [ '.\\Scan.yaml' ],
  headed: true,
  '$0': 'C:\\Users\\PC\\AppData\\Roaming\\npm\\node_modules\\@midscene\\cli\\bin\\midscene'
}
[2026-01-04T12:43:03.571+08:00] argv {
  _: [ '.\\Scan.yaml' ],
  headed: true,
  '$0': 'C:\\Users\\PC\\AppData\\Roaming\\npm\\node_modules\\@midscene\\cli\\bin\\midscene'
}
[2026-01-04T12:45:24.153+08:00] argv {
  _: [ '.\\Scan.yaml' ],
  headed: true,
  '$0': 'C:\\Users\\PC\\AppData\\Roaming\\npm\\node_modules\\@midscene\\cli\\bin\\midscene'
}
[2026-01-04T12:50:56.413+08:00] argv {
  _: [ '.\\Scan.yaml' ],
  headed: true,
  '$0': 'C:\\Users\\PC\\AppData\\Roaming\\npm\\node_modules\\@midscene\\cli\\bin\\midscene'
}
[2026-01-04T12:51:39.632+08:00] argv {
  _: [ '.\\Scan.yaml' ],
  headed: true,
  '$0': 'C:\\Users\\PC\\AppData\\Roaming\\npm\\node_modules\\@midscene\\cli\\bin\\midscene'
}
[2026-01-04T12:53:39.175+08:00] argv {
  _: [ '.\\Scan.yaml' ],
  headed: true,
  '$0': 'C:\\Users\\PC\\AppData\\Roaming\\npm\\node_modules\\@midscene\\cli\\bin\\midscene'
}
[2026-01-04T12:54:58.349+08:00] argv {
  _: [ '.\\Scan.yaml' ],
  headed: true,
  '$0': 'C:\\Users\\PC\\AppData\\Roaming\\npm\\node_modules\\@midscene\\cli\\bin\\midscene'
}
[2026-01-04T12:58:08.590+08:00] argv {
  _: [ '.\\Scan.yaml' ],
  headed: true,
  '$0': 'C:\\Users\\PC\\AppData\\Roaming\\npm\\node_modules\\@midscene\\cli\\bin\\midscene'
}
[2026-01-04T12:59:32.814+08:00] argv {
  _: [ '.\\Scan.yaml' ],
  headed: true,
  '$0': 'C:\\Users\\PC\\AppData\\Roaming\\npm\\node_modules\\@midscene\\cli\\bin\\midscene'
}
[2026-01-04T13:00:23.286+08:00] argv {
  _: [ '.\\Scan.yaml' ],
  headed: true,
  '$0': 'C:\\Users\\PC\\AppData\\Roaming\\npm\\node_modules\\@midscene\\cli\\bin\\midscene'
}
[2026-01-04T13:01:18.264+08:00] argv {
  _: [ '.\\Scan.yaml' ],
  headed: true,
  '$0': 'C:\\Users\\PC\\AppData\\Roaming\\npm\\node_modules\\@midscene\\cli\\bin\\midscene'
}
[2026-01-04T13:02:47.543+08:00] argv {
  _: [ '.\\Scan.yaml' ],
  headed: true,
  '$0': 'C:\\Users\\PC\\AppData\\Roaming\\npm\\node_modules\\@midscene\\cli\\bin\\midscene'
}
[2026-01-04T13:03:37.773+08:00] argv {
  _: [ '.\\Scan.yaml' ],
  headed: true,
  '$0': 'C:\\Users\\PC\\AppData\\Roaming\\npm\\node_modules\\@midscene\\cli\\bin\\midscene'
}
[2026-01-04T13:05:09.468+08:00] argv {
  _: [ '.\\Scan.yaml' ],
  headed: true,
  '$0': 'C:\\Users\\PC\\AppData\\Roaming\\npm\\node_modules\\@midscene\\cli\\bin\\midscene'
}
[2026-01-04T13:07:03.443+08:00] argv {
  _: [ '.\\Scan.yaml' ],
  headed: true,
  '$0': 'C:\\Users\\PC\\AppData\\Roaming\\npm\\node_modules\\@midscene\\cli\\bin\\midscene'
}
[2026-01-04T13:08:01.702+08:00] argv {
  _: [ '.\\Scan.yaml' ],
  headed: true,
  '$0': 'C:\\Users\\PC\\AppData\\Roaming\\npm\\node_modules\\@midscene\\cli\\bin\\midscene'
}
[2026-01-04T14:06:16.853+08:00] argv {
  _: [ '.\\Scan.yaml' ],
  headed: true,
  '$0': 'C:\\Users\\PC\\AppData\\Roaming\\npm\\node_modules\\@midscene\\cli\\bin\\midscene'
}
[2026-01-04T14:11:10.883+08:00] argv {
  _: [ '.\\Scan.yaml' ],
  headed: true,
  '$0': 'C:\\Users\\PC\\AppData\\Roaming\\npm\\node_modules\\@midscene\\cli\\bin\\midscene'
}
[2026-01-04T14:18:54.707+08:00] argv {
  _: [ '.\\old1.yaml' ],
  headed: true,
  '$0': 'C:\\Users\\PC\\AppData\\Roaming\\npm\\node_modules\\@midscene\\cli\\bin\\midscene'
}
[2026-01-04T14:19:33.406+08:00] argv {
  _: [ '.\\old1.yaml' ],
  headed: true,
  '$0': 'C:\\Users\\PC\\AppData\\Roaming\\npm\\node_modules\\@midscene\\cli\\bin\\midscene'
}
[2026-01-04T14:20:05.642+08:00] argv {
  _: [ '.\\old1.yaml' ],
  headed: true,
  '$0': 'C:\\Users\\PC\\AppData\\Roaming\\npm\\node_modules\\@midscene\\cli\\bin\\midscene'
}
[2026-01-04T14:20:31.124+08:00] argv {
  _: [ '.\\old1.yaml' ],
  headed: true,
  '$0': 'C:\\Users\\PC\\AppData\\Roaming\\npm\\node_modules\\@midscene\\cli\\bin\\midscene'
}
[2026-01-04T14:25:10.047+08:00] argv {
  _: [ '.\\old1.yaml' ],
  headed: true,
  '$0': 'C:\\Users\\PC\\AppData\\Roaming\\npm\\node_modules\\@midscene\\cli\\bin\\midscene'
}
[2026-01-04T14:34:10.945+08:00] argv {
  _: [ '.\\old1.yaml' ],
  headed: true,
  '$0': 'C:\\Users\\PC\\AppData\\Roaming\\npm\\node_modules\\@midscene\\cli\\bin\\midscene'
}
[2026-01-04T14:39:14.901+08:00] argv {
  _: [ '.\\Face_login.yaml' ],
  headed: true,
  '$0': 'C:\\Users\\PC\\AppData\\Roaming\\npm\\node_modules\\@midscene\\cli\\bin\\midscene'
}
[2026-01-04T14:45:17.862+08:00] argv {
  _: [ '.\\Face_login.yaml' ],
  headed: true,
  '$0': 'C:\\Users\\PC\\AppData\\Roaming\\npm\\node_modules\\@midscene\\cli\\bin\\midscene'
}
[2026-01-04T14:51:50.192+08:00] argv {
  _: [ '.\\Face_login.yaml' ],
  headed: true,
  '$0': 'C:\\Users\\PC\\AppData\\Roaming\\npm\\node_modules\\@midscene\\cli\\bin\\midscene'
}
[2026-01-04T14:54:32.513+08:00] argv {
  _: [ '.\\Face_login.yaml' ],
  headed: true,
  '$0': 'C:\\Users\\PC\\AppData\\Roaming\\npm\\node_modules\\@midscene\\cli\\bin\\midscene'
}
[2026-01-04T14:57:43.999+08:00] argv {
  _: [ '.\\Scan.yaml' ],
  headed: true,
  '$0': 'C:\\Users\\PC\\AppData\\Roaming\\npm\\node_modules\\@midscene\\cli\\bin\\midscene'
}
[2026-01-04T14:58:36.340+08:00] argv {
  _: [ '.\\Face_login.yaml' ],
  headed: true,
  '$0': 'C:\\Users\\PC\\AppData\\Roaming\\npm\\node_modules\\@midscene\\cli\\bin\\midscene'
}
[2026-01-04T15:02:17.527+08:00] argv {
  _: [ '.\\Face_login.yaml' ],
  headed: true,
  '$0': 'C:\\Users\\PC\\AppData\\Roaming\\npm\\node_modules\\@midscene\\cli\\bin\\midscene'
}
[2026-01-04T15:04:56.436+08:00] argv {
  _: [ '.\\Face_login.yaml' ],
  headed: true,
  '$0': 'C:\\Users\\PC\\AppData\\Roaming\\npm\\node_modules\\@midscene\\cli\\bin\\midscene'
}
[2026-01-04T15:07:44.928+08:00] argv {
  _: [ '.\\Face_login.yaml' ],
  headed: true,
  '$0': 'C:\\Users\\PC\\AppData\\Roaming\\npm\\node_modules\\@midscene\\cli\\bin\\midscene'
}
[2026-01-04T15:09:47.731+08:00] argv {
  _: [ '.\\Face_login.yaml' ],
  headed: true,
  '$0': 'C:\\Users\\PC\\AppData\\Roaming\\npm\\node_modules\\@midscene\\cli\\bin\\midscene'
}
[2026-01-04T15:10:55.256+08:00] argv {
  _: [ '.\\Face_login.yaml' ],
  headed: true,
  '$0': 'C:\\Users\\PC\\AppData\\Roaming\\npm\\node_modules\\@midscene\\cli\\bin\\midscene'
}
[2026-01-04T15:15:54.410+08:00] argv {
  _: [ '.\\Face_login.yaml' ],
  headed: true,
  '$0': 'C:\\Users\\PC\\AppData\\Roaming\\npm\\node_modules\\@midscene\\cli\\bin\\midscene'
}
[2026-01-04T15:19:33.935+08:00] argv {
  _: [ '.\\Face_login.yaml' ],
  headed: true,
  '$0': 'C:\\Users\\PC\\AppData\\Roaming\\npm\\node_modules\\@midscene\\cli\\bin\\midscene'
}
[2026-01-04T15:19:55.370+08:00] argv {
  _: [ '.\\Face_login.yaml' ],
  headed: true,
  '$0': 'C:\\Users\\PC\\AppData\\Roaming\\npm\\node_modules\\@midscene\\cli\\bin\\midscene'
}
[2026-01-04T15:22:18.416+08:00] argv {
  _: [ '.\\Face_login.yaml' ],
  headed: true,
  '$0': 'C:\\Users\\PC\\AppData\\Roaming\\npm\\node_modules\\@midscene\\cli\\bin\\midscene'
}
[2026-01-04T15:25:30.450+08:00] argv {
  _: [ '.\\Face_login.yaml' ],
  headed: true,
  '$0': 'C:\\Users\\PC\\AppData\\Roaming\\npm\\node_modules\\@midscene\\cli\\bin\\midscene'
}
[2026-01-04T15:27:20.028+08:00] argv {
  _: [ '.\\Face_login.yaml' ],
  headed: true,
  '$0': 'C:\\Users\\PC\\AppData\\Roaming\\npm\\node_modules\\@midscene\\cli\\bin\\midscene'
}
[2026-01-04T15:34:36.086+08:00] argv {
  _: [ '.\\Face_login.yaml' ],
  headed: true,
  '$0': 'C:\\Users\\PC\\AppData\\Roaming\\npm\\node_modules\\@midscene\\cli\\bin\\midscene'
}
[2026-01-04T15:38:05.383+08:00] argv {
  _: [ '.\\Face_login.yaml' ],
  headed: true,
  '$0': 'C:\\Users\\PC\\AppData\\Roaming\\npm\\node_modules\\@midscene\\cli\\bin\\midscene'
}
[2026-01-04T15:48:57.394+08:00] argv {
  _: [ '.\\Face_login.yaml' ],
  headed: true,
  '$0': 'C:\\Users\\PC\\AppData\\Roaming\\npm\\node_modules\\@midscene\\cli\\bin\\midscene'
}
[2026-01-04T15:49:38.181+08:00] argv {
  _: [ '.\\Face_login.yaml' ],
  headed: true,
  '$0': 'C:\\Users\\PC\\AppData\\Roaming\\npm\\node_modules\\@midscene\\cli\\bin\\midscene'
}
[2026-01-04T15:54:11.921+08:00] argv {
  _: [ '.\\Face_login.yaml' ],
  headed: true,
  '$0': 'C:\\Users\\PC\\AppData\\Roaming\\npm\\node_modules\\@midscene\\cli\\bin\\midscene'
}
[2026-01-04T15:56:08.346+08:00] argv {
  _: [ '.\\Face_login.yaml' ],
  headed: true,
  '$0': 'C:\\Users\\PC\\AppData\\Roaming\\npm\\node_modules\\@midscene\\cli\\bin\\midscene'
}
[2026-01-04T15:59:47.479+08:00] argv {
  _: [ '.\\old1.yaml' ],
  headed: true,
  '$0': 'C:\\Users\\PC\\AppData\\Roaming\\npm\\node_modules\\@midscene\\cli\\bin\\midscene'
}
[2026-01-04T16:00:34.584+08:00] argv {
  _: [ '.\\old1.yaml' ],
  headed: true,
  '$0': 'C:\\Users\\PC\\AppData\\Roaming\\npm\\node_modules\\@midscene\\cli\\bin\\midscene'
}
[2026-01-04T16:04:11.376+08:00] argv {
  _: [ '.\\old1.yaml' ],
  headed: true,
  '$0': 'C:\\Users\\PC\\AppData\\Roaming\\npm\\node_modules\\@midscene\\cli\\bin\\midscene'
}
[2026-01-04T16:05:27.455+08:00] argv {
  _: [ '.\\old1.yaml' ],
  headed: true,
  '$0': 'C:\\Users\\PC\\AppData\\Roaming\\npm\\node_modules\\@midscene\\cli\\bin\\midscene'
}
[2026-01-04T16:10:47.580+08:00] argv {
  _: [ '.\\old1.yaml' ],
  headed: true,
  '$0': 'C:\\Users\\PC\\AppData\\Roaming\\npm\\node_modules\\@midscene\\cli\\bin\\midscene'
}
[2026-01-04T16:12:56.677+08:00] argv {
  _: [ '.\\old1.yaml' ],
  headed: true,
  '$0': 'C:\\Users\\PC\\AppData\\Roaming\\npm\\node_modules\\@midscene\\cli\\bin\\midscene'
}
[2026-01-04T16:13:37.925+08:00] argv {
  _: [ '.\\old1.yaml' ],
  headed: true,
  '$0': 'C:\\Users\\PC\\AppData\\Roaming\\npm\\node_modules\\@midscene\\cli\\bin\\midscene'
}
[2026-01-04T16:15:01.334+08:00] argv {
  _: [ '.\\old1.yaml' ],
  headed: true,
  '$0': 'C:\\Users\\PC\\AppData\\Roaming\\npm\\node_modules\\@midscene\\cli\\bin\\midscene'
}
[2026-01-04T16:15:43.316+08:00] argv {
  _: [ '.\\old1.yaml' ],
  headed: true,
  '$0': 'C:\\Users\\PC\\AppData\\Roaming\\npm\\node_modules\\@midscene\\cli\\bin\\midscene'
}
[2026-01-04T16:18:09.866+08:00] argv {
  _: [ '.\\old1.yaml' ],
  headed: true,
  '$0': 'C:\\Users\\PC\\AppData\\Roaming\\npm\\node_modules\\@midscene\\cli\\bin\\midscene'
}
[2026-01-04T16:19:21.527+08:00] argv {
  _: [ '.\\old1.yaml' ],
  headed: true,
  '$0': 'C:\\Users\\PC\\AppData\\Roaming\\npm\\node_modules\\@midscene\\cli\\bin\\midscene'
}
[2026-01-04T16:20:35.681+08:00] argv {
  _: [ '.\\old1.yaml' ],
  headed: true,
  '$0': 'C:\\Users\\PC\\AppData\\Roaming\\npm\\node_modules\\@midscene\\cli\\bin\\midscene'
}
[2026-01-04T16:22:07.711+08:00] argv {
  _: [ '.\\old1.yaml' ],
  headed: true,
  '$0': 'C:\\Users\\PC\\AppData\\Roaming\\npm\\node_modules\\@midscene\\cli\\bin\\midscene'
}
[2026-01-04T16:23:14.696+08:00] argv {
  _: [ '.\\old1.yaml' ],
  headed: true,
  '$0': 'C:\\Users\\PC\\AppData\\Roaming\\npm\\node_modules\\@midscene\\cli\\bin\\midscene'
}
[2026-01-04T16:25:57.435+08:00] argv {
  _: [ '.\\old1.yaml' ],
  headed: true,
  '$0': 'C:\\Users\\PC\\AppData\\Roaming\\npm\\node_modules\\@midscene\\cli\\bin\\midscene'
}
[2026-01-04T16:26:52.066+08:00] argv {
  _: [ '.\\old1.yaml' ],
  headed: true,
  '$0': 'C:\\Users\\PC\\AppData\\Roaming\\npm\\node_modules\\@midscene\\cli\\bin\\midscene'
}
[2026-01-04T16:28:06.977+08:00] argv {
  _: [ '.\\old1.yaml' ],
  headed: true,
  '$0': 'C:\\Users\\PC\\AppData\\Roaming\\npm\\node_modules\\@midscene\\cli\\bin\\midscene'
}
[2026-01-04T16:39:41.002+08:00] argv {
  _: [ '.\\old1.yaml' ],
  headed: true,
  '$0': 'C:\\Users\\PC\\AppData\\Roaming\\npm\\node_modules\\@midscene\\cli\\bin\\midscene'
}
[2026-01-04T17:09:42.662+08:00] argv {
  _: [ '.\\old1.yaml' ],
  headed: true,
  '$0': 'C:\\Users\\PC\\AppData\\Roaming\\npm\\node_modules\\@midscene\\cli\\bin\\midscene'
}
[2026-01-04T17:11:27.812+08:00] argv {
  _: [ '.\\old1.yaml' ],
  headed: true,
  '$0': 'C:\\Users\\PC\\AppData\\Roaming\\npm\\node_modules\\@midscene\\cli\\bin\\midscene'
}
[2026-01-04T17:16:23.517+08:00] argv {
  _: [ '.\\old1.yaml' ],
  headed: true,
  '$0': 'C:\\Users\\PC\\AppData\\Roaming\\npm\\node_modules\\@midscene\\cli\\bin\\midscene'
}
[2026-01-04T17:17:31.092+08:00] argv {
  _: [ '.\\old1.yaml' ],
  headed: true,
  '$0': 'C:\\Users\\PC\\AppData\\Roaming\\npm\\node_modules\\@midscene\\cli\\bin\\midscene'
}
[2026-01-04T17:20:22.918+08:00] argv {
  _: [ '.\\old1.yaml' ],
  headed: true,
  '$0': 'C:\\Users\\PC\\AppData\\Roaming\\npm\\node_modules\\@midscene\\cli\\bin\\midscene'
}
[2026-01-04T17:20:58.340+08:00] argv {
  _: [ '.\\old1.yaml' ],
  headed: true,
  '$0': 'C:\\Users\\PC\\AppData\\Roaming\\npm\\node_modules\\@midscene\\cli\\bin\\midscene'
}
[2026-01-04T17:22:15.515+08:00] argv {
  _: [ '.\\old1.yaml' ],
  headed: true,
  '$0': 'C:\\Users\\PC\\AppData\\Roaming\\npm\\node_modules\\@midscene\\cli\\bin\\midscene'
}
[2026-01-04T17:24:34.588+08:00] argv {
  _: [ '.\\old1.yaml' ],
  headed: true,
  '$0': 'C:\\Users\\PC\\AppData\\Roaming\\npm\\node_modules\\@midscene\\cli\\bin\\midscene'
}
[2026-01-04T17:25:45.120+08:00] argv {
  _: [ '.\\old1.yaml' ],
  headed: true,
  '$0': 'C:\\Users\\PC\\AppData\\Roaming\\npm\\node_modules\\@midscene\\cli\\bin\\midscene'
}
[2026-01-04T17:29:45.422+08:00] argv {
  _: [ '.\\old1.yaml' ],
  headed: true,
  '$0': 'C:\\Users\\PC\\AppData\\Roaming\\npm\\node_modules\\@midscene\\cli\\bin\\midscene'
}
[2026-01-04T17:30:23.395+08:00] argv {
  _: [ '.\\old1.yaml' ],
  headed: true,
  '$0': 'C:\\Users\\PC\\AppData\\Roaming\\npm\\node_modules\\@midscene\\cli\\bin\\midscene'
}
[2026-01-04T17:32:22.902+08:00] argv {
  _: [ '.\\old1.yaml' ],
  headed: true,
  '$0': 'C:\\Users\\PC\\AppData\\Roaming\\npm\\node_modules\\@midscene\\cli\\bin\\midscene'
}
[2026-01-04T17:33:07.673+08:00] argv {
  _: [ '.\\old1.yaml' ],
  headed: true,
  '$0': 'C:\\Users\\PC\\AppData\\Roaming\\npm\\node_modules\\@midscene\\cli\\bin\\midscene'
}
[2026-01-04T17:35:23.932+08:00] argv {
  _: [ '.\\old1.yaml' ],
  headed: true,
  '$0': 'C:\\Users\\PC\\AppData\\Roaming\\npm\\node_modules\\@midscene\\cli\\bin\\midscene'
}
[2026-01-04T17:37:33.091+08:00] argv {
  _: [ '.\\old1.yaml' ],
  headed: true,
  '$0': 'C:\\Users\\PC\\AppData\\Roaming\\npm\\node_modules\\@midscene\\cli\\bin\\midscene'
}
[2026-01-04T17:38:05.658+08:00] argv {
  _: [ '.\\old1.yaml' ],
  headed: true,
  '$0': 'C:\\Users\\PC\\AppData\\Roaming\\npm\\node_modules\\@midscene\\cli\\bin\\midscene'
}
[2026-01-04T17:39:05.273+08:00] argv {
  _: [ '.\\old1.yaml' ],
  headed: true,
  '$0': 'C:\\Users\\PC\\AppData\\Roaming\\npm\\node_modules\\@midscene\\cli\\bin\\midscene'
}
[2026-01-04T17:43:59.052+08:00] argv {
  _: [ '.\\old1.yaml' ],
  headed: true,
  '$0': 'C:\\Users\\PC\\AppData\\Roaming\\npm\\node_modules\\@midscene\\cli\\bin\\midscene'
}
[2026-01-04T17:53:49.027+08:00] argv {
  _: [ '.\\old1.yaml' ],
  headed: true,
  '$0': 'C:\\Users\\PC\\AppData\\Roaming\\npm\\node_modules\\@midscene\\cli\\bin\\midscene'
}
[2026-01-04T17:54:04.174+08:00] argv {
  _: [ '.\\old1.yaml' ],
  headed: true,
  '$0': 'C:\\Users\\PC\\AppData\\Roaming\\npm\\node_modules\\@midscene\\cli\\bin\\midscene'
}
[2026-01-04T17:54:54.521+08:00] argv {
  _: [ '.\\Face_login.yaml' ],
  headed: true,
  '$0': 'C:\\Users\\PC\\AppData\\Roaming\\npm\\node_modules\\@midscene\\cli\\bin\\midscene'
}
[2026-01-04T17:59:39.710+08:00] argv {
  _: [ '.\\Face_login.yaml' ],
  headed: true,
  '$0': 'C:\\Users\\PC\\AppData\\Roaming\\npm\\node_modules\\@midscene\\cli\\bin\\midscene'
}
[2026-01-04T18:00:35.405+08:00] argv {
  _: [ '.\\Face_login.yaml' ],
  headed: true,
  '$0': 'C:\\Users\\PC\\AppData\\Roaming\\npm\\node_modules\\@midscene\\cli\\bin\\midscene'
}
[2026-01-04T18:01:21.568+08:00] argv {
  _: [ '.\\Face_login.yaml' ],
  headed: true,
  '$0': 'C:\\Users\\PC\\AppData\\Roaming\\npm\\node_modules\\@midscene\\cli\\bin\\midscene'
}
[2026-01-04T18:02:50.937+08:00] argv {
  _: [ '.\\Face_login.yaml' ],
  headed: true,
  '$0': 'C:\\Users\\PC\\AppData\\Roaming\\npm\\node_modules\\@midscene\\cli\\bin\\midscene'
}
[2026-01-04T18:03:13.402+08:00] argv {
  _: [ '.\\Face_login.yaml' ],
  headed: true,
  '$0': 'C:\\Users\\PC\\AppData\\Roaming\\npm\\node_modules\\@midscene\\cli\\bin\\midscene'
}
[2026-01-04T18:05:43.497+08:00] argv {
  _: [ '.\\Face_login.yaml' ],
  headed: true,
  '$0': 'C:\\Users\\PC\\AppData\\Roaming\\npm\\node_modules\\@midscene\\cli\\bin\\midscene'
}
