[2026-01-12T17:31:17.886+08:00] actionInActionSpace matched {
  name: 'Input',
  description: 'Input the value into the element',
  interfaceAlias: 'aiInput',
  paramSchema: ZodObject {
    spa: [Function: bound safeParseAsync] AsyncFunction,
    _def: {
      shape: [Function: shape],
      unknownKeys: 'strip',
      catchall: [ZodNever],
      typeName: 'ZodObject'
    },
    parse: [Function: bound parse],
    safeParse: [Function: bound safeParse],
    parseAsync: [Function: bound parseAsync] AsyncFunction,
    safeParseAsync: [Function: bound safeParseAsync] AsyncFunction,
    refine: [Function: bound refine],
    refinement: [Function: bound refinement],
    superRefine: [Function: bound superRefine],
    optional: [Function: bound optional],
    nullable: [Function: bound nullable],
    nullish: [Function: bound nullish],
    array: [Function: bound array],
    promise: [Function: bound promise],
    or: [Function: bound or],
    and: [Function: bound and],
    transform: [Function: bound transform],
    brand: [Function: bound brand],
    default: [Function: bound default],
    catch: [Function: bound catch],
    describe: [Function: bound describe],
    pipe: [Function: bound pipe],
    readonly: [Function: bound readonly],
    isNullable: [Function: bound isNullable],
    isOptional: [Function: bound isOptional],
    '~standard': { version: 1, vendor: 'zod', validate: [Function: validate] },
    _cached: null,
    nonstrict: [Function: passthrough],
    augment: [Function: extend]
  },
  call: [AsyncFunction (anonymous)]
}
[2026-01-12T17:31:17.886+08:00] locateFields [ 'locate' ]
[2026-01-12T17:31:24.300+08:00] actionInActionSpace matched {
  name: 'Input',
  description: 'Input the value into the element',
  interfaceAlias: 'aiInput',
  paramSchema: ZodObject {
    spa: [Function: bound safeParseAsync] AsyncFunction,
    _def: {
      shape: [Function: shape],
      unknownKeys: 'strip',
      catchall: [ZodNever],
      typeName: 'ZodObject'
    },
    parse: [Function: bound parse],
    safeParse: [Function: bound safeParse],
    parseAsync: [Function: bound parseAsync] AsyncFunction,
    safeParseAsync: [Function: bound safeParseAsync] AsyncFunction,
    refine: [Function: bound refine],
    refinement: [Function: bound refinement],
    superRefine: [Function: bound superRefine],
    optional: [Function: bound optional],
    nullable: [Function: bound nullable],
    nullish: [Function: bound nullish],
    array: [Function: bound array],
    promise: [Function: bound promise],
    or: [Function: bound or],
    and: [Function: bound and],
    transform: [Function: bound transform],
    brand: [Function: bound brand],
    default: [Function: bound default],
    catch: [Function: bound catch],
    describe: [Function: bound describe],
    pipe: [Function: bound pipe],
    readonly: [Function: bound readonly],
    isNullable: [Function: bound isNullable],
    isOptional: [Function: bound isOptional],
    '~standard': { version: 1, vendor: 'zod', validate: [Function: validate] },
    _cached: { shape: [Object], keys: [Array] },
    nonstrict: [Function: passthrough],
    augment: [Function: extend]
  },
  call: [AsyncFunction (anonymous)]
}
[2026-01-12T17:31:24.300+08:00] locateFields [ 'locate' ]
[2026-01-12T17:31:30.497+08:00] actionInActionSpace matched {
  name: 'Tap',
  description: 'Tap the element',
  interfaceAlias: 'aiTap',
  paramSchema: ZodObject {
    spa: [Function: bound safeParseAsync] AsyncFunction,
    _def: {
      shape: [Function: shape],
      unknownKeys: 'strip',
      catchall: [ZodNever],
      typeName: 'ZodObject'
    },
    parse: [Function: bound parse],
    safeParse: [Function: bound safeParse],
    parseAsync: [Function: bound parseAsync] AsyncFunction,
    safeParseAsync: [Function: bound safeParseAsync] AsyncFunction,
    refine: [Function: bound refine],
    refinement: [Function: bound refinement],
    superRefine: [Function: bound superRefine],
    optional: [Function: bound optional],
    nullable: [Function: bound nullable],
    nullish: [Function: bound nullish],
    array: [Function: bound array],
    promise: [Function: bound promise],
    or: [Function: bound or],
    and: [Function: bound and],
    transform: [Function: bound transform],
    brand: [Function: bound brand],
    default: [Function: bound default],
    catch: [Function: bound catch],
    describe: [Function: bound describe],
    pipe: [Function: bound pipe],
    readonly: [Function: bound readonly],
    isNullable: [Function: bound isNullable],
    isOptional: [Function: bound isOptional],
    '~standard': { version: 1, vendor: 'zod', validate: [Function: validate] },
    _cached: null,
    nonstrict: [Function: passthrough],
    augment: [Function: extend]
  },
  call: [AsyncFunction (anonymous)]
}
[2026-01-12T17:31:30.497+08:00] locateFields [ 'locate' ]
[2026-01-12T17:53:59.031+08:00] actionInActionSpace matched {
  name: 'Input',
  description: 'Input the value into the element',
  interfaceAlias: 'aiInput',
  paramSchema: ZodObject {
    spa: [Function: bound safeParseAsync] AsyncFunction,
    _def: {
      shape: [Function: shape],
      unknownKeys: 'strip',
      catchall: [ZodNever],
      typeName: 'ZodObject'
    },
    parse: [Function: bound parse],
    safeParse: [Function: bound safeParse],
    parseAsync: [Function: bound parseAsync] AsyncFunction,
    safeParseAsync: [Function: bound safeParseAsync] AsyncFunction,
    refine: [Function: bound refine],
    refinement: [Function: bound refinement],
    superRefine: [Function: bound superRefine],
    optional: [Function: bound optional],
    nullable: [Function: bound nullable],
    nullish: [Function: bound nullish],
    array: [Function: bound array],
    promise: [Function: bound promise],
    or: [Function: bound or],
    and: [Function: bound and],
    transform: [Function: bound transform],
    brand: [Function: bound brand],
    default: [Function: bound default],
    catch: [Function: bound catch],
    describe: [Function: bound describe],
    pipe: [Function: bound pipe],
    readonly: [Function: bound readonly],
    isNullable: [Function: bound isNullable],
    isOptional: [Function: bound isOptional],
    '~standard': { version: 1, vendor: 'zod', validate: [Function: validate] },
    _cached: null,
    nonstrict: [Function: passthrough],
    augment: [Function: extend]
  },
  call: [AsyncFunction (anonymous)]
}
[2026-01-12T17:53:59.031+08:00] locateFields [ 'locate' ]
[2026-01-12T17:54:05.818+08:00] actionInActionSpace matched {
  name: 'Input',
  description: 'Input the value into the element',
  interfaceAlias: 'aiInput',
  paramSchema: ZodObject {
    spa: [Function: bound safeParseAsync] AsyncFunction,
    _def: {
      shape: [Function: shape],
      unknownKeys: 'strip',
      catchall: [ZodNever],
      typeName: 'ZodObject'
    },
    parse: [Function: bound parse],
    safeParse: [Function: bound safeParse],
    parseAsync: [Function: bound parseAsync] AsyncFunction,
    safeParseAsync: [Function: bound safeParseAsync] AsyncFunction,
    refine: [Function: bound refine],
    refinement: [Function: bound refinement],
    superRefine: [Function: bound superRefine],
    optional: [Function: bound optional],
    nullable: [Function: bound nullable],
    nullish: [Function: bound nullish],
    array: [Function: bound array],
    promise: [Function: bound promise],
    or: [Function: bound or],
    and: [Function: bound and],
    transform: [Function: bound transform],
    brand: [Function: bound brand],
    default: [Function: bound default],
    catch: [Function: bound catch],
    describe: [Function: bound describe],
    pipe: [Function: bound pipe],
    readonly: [Function: bound readonly],
    isNullable: [Function: bound isNullable],
    isOptional: [Function: bound isOptional],
    '~standard': { version: 1, vendor: 'zod', validate: [Function: validate] },
    _cached: { shape: [Object], keys: [Array] },
    nonstrict: [Function: passthrough],
    augment: [Function: extend]
  },
  call: [AsyncFunction (anonymous)]
}
[2026-01-12T17:54:05.818+08:00] locateFields [ 'locate' ]
[2026-01-12T17:54:12.305+08:00] actionInActionSpace matched {
  name: 'Tap',
  description: 'Tap the element',
  interfaceAlias: 'aiTap',
  paramSchema: ZodObject {
    spa: [Function: bound safeParseAsync] AsyncFunction,
    _def: {
      shape: [Function: shape],
      unknownKeys: 'strip',
      catchall: [ZodNever],
      typeName: 'ZodObject'
    },
    parse: [Function: bound parse],
    safeParse: [Function: bound safeParse],
    parseAsync: [Function: bound parseAsync] AsyncFunction,
    safeParseAsync: [Function: bound safeParseAsync] AsyncFunction,
    refine: [Function: bound refine],
    refinement: [Function: bound refinement],
    superRefine: [Function: bound superRefine],
    optional: [Function: bound optional],
    nullable: [Function: bound nullable],
    nullish: [Function: bound nullish],
    array: [Function: bound array],
    promise: [Function: bound promise],
    or: [Function: bound or],
    and: [Function: bound and],
    transform: [Function: bound transform],
    brand: [Function: bound brand],
    default: [Function: bound default],
    catch: [Function: bound catch],
    describe: [Function: bound describe],
    pipe: [Function: bound pipe],
    readonly: [Function: bound readonly],
    isNullable: [Function: bound isNullable],
    isOptional: [Function: bound isOptional],
    '~standard': { version: 1, vendor: 'zod', validate: [Function: validate] },
    _cached: null,
    nonstrict: [Function: passthrough],
    augment: [Function: extend]
  },
  call: [AsyncFunction (anonymous)]
}
[2026-01-12T17:54:12.306+08:00] locateFields [ 'locate' ]
[2026-01-12T17:56:15.228+08:00] actionInActionSpace matched {
  name: 'Input',
  description: 'Input the value into the element',
  interfaceAlias: 'aiInput',
  paramSchema: ZodObject {
    spa: [Function: bound safeParseAsync] AsyncFunction,
    _def: {
      shape: [Function: shape],
      unknownKeys: 'strip',
      catchall: [ZodNever],
      typeName: 'ZodObject'
    },
    parse: [Function: bound parse],
    safeParse: [Function: bound safeParse],
    parseAsync: [Function: bound parseAsync] AsyncFunction,
    safeParseAsync: [Function: bound safeParseAsync] AsyncFunction,
    refine: [Function: bound refine],
    refinement: [Function: bound refinement],
    superRefine: [Function: bound superRefine],
    optional: [Function: bound optional],
    nullable: [Function: bound nullable],
    nullish: [Function: bound nullish],
    array: [Function: bound array],
    promise: [Function: bound promise],
    or: [Function: bound or],
    and: [Function: bound and],
    transform: [Function: bound transform],
    brand: [Function: bound brand],
    default: [Function: bound default],
    catch: [Function: bound catch],
    describe: [Function: bound describe],
    pipe: [Function: bound pipe],
    readonly: [Function: bound readonly],
    isNullable: [Function: bound isNullable],
    isOptional: [Function: bound isOptional],
    '~standard': { version: 1, vendor: 'zod', validate: [Function: validate] },
    _cached: null,
    nonstrict: [Function: passthrough],
    augment: [Function: extend]
  },
  call: [AsyncFunction (anonymous)]
}
[2026-01-12T17:56:15.228+08:00] locateFields [ 'locate' ]
[2026-01-12T17:56:22.542+08:00] actionInActionSpace matched {
  name: 'Input',
  description: 'Input the value into the element',
  interfaceAlias: 'aiInput',
  paramSchema: ZodObject {
    spa: [Function: bound safeParseAsync] AsyncFunction,
    _def: {
      shape: [Function: shape],
      unknownKeys: 'strip',
      catchall: [ZodNever],
      typeName: 'ZodObject'
    },
    parse: [Function: bound parse],
    safeParse: [Function: bound safeParse],
    parseAsync: [Function: bound parseAsync] AsyncFunction,
    safeParseAsync: [Function: bound safeParseAsync] AsyncFunction,
    refine: [Function: bound refine],
    refinement: [Function: bound refinement],
    superRefine: [Function: bound superRefine],
    optional: [Function: bound optional],
    nullable: [Function: bound nullable],
    nullish: [Function: bound nullish],
    array: [Function: bound array],
    promise: [Function: bound promise],
    or: [Function: bound or],
    and: [Function: bound and],
    transform: [Function: bound transform],
    brand: [Function: bound brand],
    default: [Function: bound default],
    catch: [Function: bound catch],
    describe: [Function: bound describe],
    pipe: [Function: bound pipe],
    readonly: [Function: bound readonly],
    isNullable: [Function: bound isNullable],
    isOptional: [Function: bound isOptional],
    '~standard': { version: 1, vendor: 'zod', validate: [Function: validate] },
    _cached: { shape: [Object], keys: [Array] },
    nonstrict: [Function: passthrough],
    augment: [Function: extend]
  },
  call: [AsyncFunction (anonymous)]
}
[2026-01-12T17:56:22.542+08:00] locateFields [ 'locate' ]
[2026-01-12T17:56:29.316+08:00] actionInActionSpace matched {
  name: 'Tap',
  description: 'Tap the element',
  interfaceAlias: 'aiTap',
  paramSchema: ZodObject {
    spa: [Function: bound safeParseAsync] AsyncFunction,
    _def: {
      shape: [Function: shape],
      unknownKeys: 'strip',
      catchall: [ZodNever],
      typeName: 'ZodObject'
    },
    parse: [Function: bound parse],
    safeParse: [Function: bound safeParse],
    parseAsync: [Function: bound parseAsync] AsyncFunction,
    safeParseAsync: [Function: bound safeParseAsync] AsyncFunction,
    refine: [Function: bound refine],
    refinement: [Function: bound refinement],
    superRefine: [Function: bound superRefine],
    optional: [Function: bound optional],
    nullable: [Function: bound nullable],
    nullish: [Function: bound nullish],
    array: [Function: bound array],
    promise: [Function: bound promise],
    or: [Function: bound or],
    and: [Function: bound and],
    transform: [Function: bound transform],
    brand: [Function: bound brand],
    default: [Function: bound default],
    catch: [Function: bound catch],
    describe: [Function: bound describe],
    pipe: [Function: bound pipe],
    readonly: [Function: bound readonly],
    isNullable: [Function: bound isNullable],
    isOptional: [Function: bound isOptional],
    '~standard': { version: 1, vendor: 'zod', validate: [Function: validate] },
    _cached: null,
    nonstrict: [Function: passthrough],
    augment: [Function: extend]
  },
  call: [AsyncFunction (anonymous)]
}
[2026-01-12T17:56:29.316+08:00] locateFields [ 'locate' ]
[2026-01-12T17:57:23.938+08:00] actionInActionSpace matched {
  name: 'Input',
  description: 'Input the value into the element',
  interfaceAlias: 'aiInput',
  paramSchema: ZodObject {
    spa: [Function: bound safeParseAsync] AsyncFunction,
    _def: {
      shape: [Function: shape],
      unknownKeys: 'strip',
      catchall: [ZodNever],
      typeName: 'ZodObject'
    },
    parse: [Function: bound parse],
    safeParse: [Function: bound safeParse],
    parseAsync: [Function: bound parseAsync] AsyncFunction,
    safeParseAsync: [Function: bound safeParseAsync] AsyncFunction,
    refine: [Function: bound refine],
    refinement: [Function: bound refinement],
    superRefine: [Function: bound superRefine],
    optional: [Function: bound optional],
    nullable: [Function: bound nullable],
    nullish: [Function: bound nullish],
    array: [Function: bound array],
    promise: [Function: bound promise],
    or: [Function: bound or],
    and: [Function: bound and],
    transform: [Function: bound transform],
    brand: [Function: bound brand],
    default: [Function: bound default],
    catch: [Function: bound catch],
    describe: [Function: bound describe],
    pipe: [Function: bound pipe],
    readonly: [Function: bound readonly],
    isNullable: [Function: bound isNullable],
    isOptional: [Function: bound isOptional],
    '~standard': { version: 1, vendor: 'zod', validate: [Function: validate] },
    _cached: null,
    nonstrict: [Function: passthrough],
    augment: [Function: extend]
  },
  call: [AsyncFunction (anonymous)]
}
[2026-01-12T17:57:23.939+08:00] locateFields [ 'locate' ]
[2026-01-12T17:57:30.212+08:00] actionInActionSpace matched {
  name: 'Input',
  description: 'Input the value into the element',
  interfaceAlias: 'aiInput',
  paramSchema: ZodObject {
    spa: [Function: bound safeParseAsync] AsyncFunction,
    _def: {
      shape: [Function: shape],
      unknownKeys: 'strip',
      catchall: [ZodNever],
      typeName: 'ZodObject'
    },
    parse: [Function: bound parse],
    safeParse: [Function: bound safeParse],
    parseAsync: [Function: bound parseAsync] AsyncFunction,
    safeParseAsync: [Function: bound safeParseAsync] AsyncFunction,
    refine: [Function: bound refine],
    refinement: [Function: bound refinement],
    superRefine: [Function: bound superRefine],
    optional: [Function: bound optional],
    nullable: [Function: bound nullable],
    nullish: [Function: bound nullish],
    array: [Function: bound array],
    promise: [Function: bound promise],
    or: [Function: bound or],
    and: [Function: bound and],
    transform: [Function: bound transform],
    brand: [Function: bound brand],
    default: [Function: bound default],
    catch: [Function: bound catch],
    describe: [Function: bound describe],
    pipe: [Function: bound pipe],
    readonly: [Function: bound readonly],
    isNullable: [Function: bound isNullable],
    isOptional: [Function: bound isOptional],
    '~standard': { version: 1, vendor: 'zod', validate: [Function: validate] },
    _cached: { shape: [Object], keys: [Array] },
    nonstrict: [Function: passthrough],
    augment: [Function: extend]
  },
  call: [AsyncFunction (anonymous)]
}
[2026-01-12T17:57:30.212+08:00] locateFields [ 'locate' ]
[2026-01-12T17:57:38.526+08:00] actionInActionSpace matched {
  name: 'Tap',
  description: 'Tap the element',
  interfaceAlias: 'aiTap',
  paramSchema: ZodObject {
    spa: [Function: bound safeParseAsync] AsyncFunction,
    _def: {
      shape: [Function: shape],
      unknownKeys: 'strip',
      catchall: [ZodNever],
      typeName: 'ZodObject'
    },
    parse: [Function: bound parse],
    safeParse: [Function: bound safeParse],
    parseAsync: [Function: bound parseAsync] AsyncFunction,
    safeParseAsync: [Function: bound safeParseAsync] AsyncFunction,
    refine: [Function: bound refine],
    refinement: [Function: bound refinement],
    superRefine: [Function: bound superRefine],
    optional: [Function: bound optional],
    nullable: [Function: bound nullable],
    nullish: [Function: bound nullish],
    array: [Function: bound array],
    promise: [Function: bound promise],
    or: [Function: bound or],
    and: [Function: bound and],
    transform: [Function: bound transform],
    brand: [Function: bound brand],
    default: [Function: bound default],
    catch: [Function: bound catch],
    describe: [Function: bound describe],
    pipe: [Function: bound pipe],
    readonly: [Function: bound readonly],
    isNullable: [Function: bound isNullable],
    isOptional: [Function: bound isOptional],
    '~standard': { version: 1, vendor: 'zod', validate: [Function: validate] },
    _cached: null,
    nonstrict: [Function: passthrough],
    augment: [Function: extend]
  },
  call: [AsyncFunction (anonymous)]
}
[2026-01-12T17:57:38.526+08:00] locateFields [ 'locate' ]
