[2026-01-12T17:31:13.739+08:00] Getting interface description
[2026-01-12T17:31:13.739+08:00] Interface description end
[2026-01-12T17:31:13.739+08:00] Uploading test info to server
[2026-01-12T17:31:13.739+08:00] UploadTestInfoToServer end
[2026-01-12T17:31:13.900+08:00] will get size
[2026-01-12T17:31:13.902+08:00] size: 1440x768 dpr: 1.0000000149011612
[2026-01-12T17:31:17.886+08:00] Getting interface description
[2026-01-12T17:31:17.886+08:00] Interface description end
[2026-01-12T17:31:17.886+08:00] Uploading test info to server
[2026-01-12T17:31:17.886+08:00] UploadTestInfoToServer end
[2026-01-12T17:31:17.973+08:00] will get size
[2026-01-12T17:31:17.973+08:00] size: 1440x768 dpr: 1.0000000149011612
[2026-01-12T17:31:20.232+08:00] Getting interface description
[2026-01-12T17:31:20.232+08:00] Interface description end
[2026-01-12T17:31:20.232+08:00] Uploading test info to server
[2026-01-12T17:31:20.232+08:00] UploadTestInfoToServer end
[2026-01-12T17:31:20.319+08:00] will get size
[2026-01-12T17:31:20.319+08:00] size: 1440x768 dpr: 1.0000000149011612
[2026-01-12T17:31:24.300+08:00] Getting interface description
[2026-01-12T17:31:24.300+08:00] Interface description end
[2026-01-12T17:31:24.300+08:00] Uploading test info to server
[2026-01-12T17:31:24.300+08:00] UploadTestInfoToServer end
[2026-01-12T17:31:24.367+08:00] will get size
[2026-01-12T17:31:24.367+08:00] size: 1440x768 dpr: 1.0000000149011612
[2026-01-12T17:31:26.524+08:00] Getting interface description
[2026-01-12T17:31:26.524+08:00] Interface description end
[2026-01-12T17:31:26.524+08:00] Uploading test info to server
[2026-01-12T17:31:26.524+08:00] UploadTestInfoToServer end
[2026-01-12T17:31:26.605+08:00] will get size
[2026-01-12T17:31:26.605+08:00] size: 1440x768 dpr: 1.0000000149011612
[2026-01-12T17:31:30.497+08:00] Getting interface description
[2026-01-12T17:31:30.497+08:00] Interface description end
[2026-01-12T17:31:30.497+08:00] Uploading test info to server
[2026-01-12T17:31:30.497+08:00] UploadTestInfoToServer end
[2026-01-12T17:31:30.563+08:00] will get size
[2026-01-12T17:31:30.563+08:00] size: 1440x768 dpr: 1.0000000149011612
[2026-01-12T17:31:31.491+08:00] Getting interface description
[2026-01-12T17:31:31.491+08:00] Interface description end
[2026-01-12T17:31:31.491+08:00] Uploading test info to server
[2026-01-12T17:31:31.491+08:00] UploadTestInfoToServer end
[2026-01-12T17:31:32.035+08:00] will get size
[2026-01-12T17:31:32.035+08:00] size: 1440x768 dpr: 1.0000000149011612
[2026-01-12T17:31:32.183+08:00] Getting interface description
[2026-01-12T17:31:32.183+08:00] Interface description end
[2026-01-12T17:31:32.183+08:00] Uploading test info to server
[2026-01-12T17:31:32.183+08:00] UploadTestInfoToServer end
[2026-01-12T17:31:32.319+08:00] will get size
[2026-01-12T17:31:32.319+08:00] size: 1440x768 dpr: 1.0000000149011612
[2026-01-12T17:31:32.319+08:00] Getting interface description
[2026-01-12T17:31:32.319+08:00] Interface description end
[2026-01-12T17:31:32.319+08:00] Uploading test info to server
[2026-01-12T17:31:32.320+08:00] UploadTestInfoToServer end
[2026-01-12T17:31:32.470+08:00] will get size
[2026-01-12T17:31:32.470+08:00] size: 1440x768 dpr: 1.0000000149011612
[2026-01-12T17:31:43.178+08:00] Getting interface description
[2026-01-12T17:31:43.178+08:00] Interface description end
[2026-01-12T17:31:43.178+08:00] Uploading test info to server
[2026-01-12T17:31:43.178+08:00] UploadTestInfoToServer end
[2026-01-12T17:31:43.266+08:00] will get size
[2026-01-12T17:31:43.266+08:00] size: 1440x768 dpr: 1.0000000149011612
[2026-01-12T17:31:43.396+08:00] Getting interface description
[2026-01-12T17:31:43.396+08:00] Interface description end
[2026-01-12T17:31:43.396+08:00] Uploading test info to server
[2026-01-12T17:31:43.396+08:00] UploadTestInfoToServer end
[2026-01-12T17:31:43.496+08:00] will get size
[2026-01-12T17:31:43.496+08:00] size: 1440x768 dpr: 1.0000000149011612
[2026-01-12T17:31:43.496+08:00] Getting interface description
[2026-01-12T17:31:43.496+08:00] Interface description end
[2026-01-12T17:31:43.496+08:00] Uploading test info to server
[2026-01-12T17:31:43.496+08:00] UploadTestInfoToServer end
[2026-01-12T17:31:43.611+08:00] will get size
[2026-01-12T17:31:43.611+08:00] size: 1440x768 dpr: 1.0000000149011612
[2026-01-12T17:53:54.195+08:00] Getting interface description
[2026-01-12T17:53:54.195+08:00] Interface description end
[2026-01-12T17:53:54.195+08:00] Uploading test info to server
[2026-01-12T17:53:54.195+08:00] UploadTestInfoToServer end
[2026-01-12T17:53:54.689+08:00] will get size
[2026-01-12T17:53:54.691+08:00] size: 1440x768 dpr: 1.0000000149011612
[2026-01-12T17:53:59.032+08:00] Getting interface description
[2026-01-12T17:53:59.032+08:00] Interface description end
[2026-01-12T17:53:59.032+08:00] Uploading test info to server
[2026-01-12T17:53:59.032+08:00] UploadTestInfoToServer end
[2026-01-12T17:53:59.124+08:00] will get size
[2026-01-12T17:53:59.124+08:00] size: 1440x768 dpr: 1.0000000149011612
[2026-01-12T17:54:01.007+08:00] Getting interface description
[2026-01-12T17:54:01.007+08:00] Interface description end
[2026-01-12T17:54:01.007+08:00] Uploading test info to server
[2026-01-12T17:54:01.007+08:00] UploadTestInfoToServer end
[2026-01-12T17:54:01.085+08:00] will get size
[2026-01-12T17:54:01.085+08:00] size: 1440x768 dpr: 1.0000000149011612
[2026-01-12T17:54:05.818+08:00] Getting interface description
[2026-01-12T17:54:05.818+08:00] Interface description end
[2026-01-12T17:54:05.818+08:00] Uploading test info to server
[2026-01-12T17:54:05.818+08:00] UploadTestInfoToServer end
[2026-01-12T17:54:05.896+08:00] will get size
[2026-01-12T17:54:05.896+08:00] size: 1440x768 dpr: 1.0000000149011612
[2026-01-12T17:54:07.862+08:00] Getting interface description
[2026-01-12T17:54:07.862+08:00] Interface description end
[2026-01-12T17:54:07.862+08:00] Uploading test info to server
[2026-01-12T17:54:07.862+08:00] UploadTestInfoToServer end
[2026-01-12T17:54:07.936+08:00] will get size
[2026-01-12T17:54:07.936+08:00] size: 1440x768 dpr: 1.0000000149011612
[2026-01-12T17:54:12.306+08:00] Getting interface description
[2026-01-12T17:54:12.306+08:00] Interface description end
[2026-01-12T17:54:12.306+08:00] Uploading test info to server
[2026-01-12T17:54:12.306+08:00] UploadTestInfoToServer end
[2026-01-12T17:54:12.381+08:00] will get size
[2026-01-12T17:54:12.381+08:00] size: 1440x768 dpr: 1.0000000149011612
[2026-01-12T17:54:13.507+08:00] Getting interface description
[2026-01-12T17:54:13.507+08:00] Interface description end
[2026-01-12T17:54:13.507+08:00] Uploading test info to server
[2026-01-12T17:54:13.507+08:00] UploadTestInfoToServer end
[2026-01-12T17:54:13.685+08:00] will get size
[2026-01-12T17:56:10.643+08:00] Getting interface description
[2026-01-12T17:56:10.643+08:00] Interface description end
[2026-01-12T17:56:10.643+08:00] Uploading test info to server
[2026-01-12T17:56:10.643+08:00] UploadTestInfoToServer end
[2026-01-12T17:56:10.957+08:00] will get size
[2026-01-12T17:56:10.958+08:00] size: 1440x768 dpr: 1.0000000149011612
[2026-01-12T17:56:15.228+08:00] Getting interface description
[2026-01-12T17:56:15.228+08:00] Interface description end
[2026-01-12T17:56:15.228+08:00] Uploading test info to server
[2026-01-12T17:56:15.228+08:00] UploadTestInfoToServer end
[2026-01-12T17:56:15.377+08:00] will get size
[2026-01-12T17:56:15.377+08:00] size: 1440x768 dpr: 1.0000000149011612
[2026-01-12T17:56:17.972+08:00] Getting interface description
[2026-01-12T17:56:17.972+08:00] Interface description end
[2026-01-12T17:56:17.972+08:00] Uploading test info to server
[2026-01-12T17:56:17.972+08:00] UploadTestInfoToServer end
[2026-01-12T17:56:18.050+08:00] will get size
[2026-01-12T17:56:18.050+08:00] size: 1440x768 dpr: 1.0000000149011612
[2026-01-12T17:56:22.543+08:00] Getting interface description
[2026-01-12T17:56:22.543+08:00] Interface description end
[2026-01-12T17:56:22.543+08:00] Uploading test info to server
[2026-01-12T17:56:22.543+08:00] UploadTestInfoToServer end
[2026-01-12T17:56:22.622+08:00] will get size
[2026-01-12T17:56:22.622+08:00] size: 1440x768 dpr: 1.0000000149011612
[2026-01-12T17:56:25.536+08:00] Getting interface description
[2026-01-12T17:56:25.536+08:00] Interface description end
[2026-01-12T17:56:25.536+08:00] Uploading test info to server
[2026-01-12T17:56:25.537+08:00] UploadTestInfoToServer end
[2026-01-12T17:56:25.619+08:00] will get size
[2026-01-12T17:56:25.619+08:00] size: 1440x768 dpr: 1.0000000149011612
[2026-01-12T17:56:29.316+08:00] Getting interface description
[2026-01-12T17:56:29.316+08:00] Interface description end
[2026-01-12T17:56:29.316+08:00] Uploading test info to server
[2026-01-12T17:56:29.316+08:00] UploadTestInfoToServer end
[2026-01-12T17:56:29.402+08:00] will get size
[2026-01-12T17:56:29.402+08:00] size: 1440x768 dpr: 1.0000000149011612
[2026-01-12T17:56:31.104+08:00] Getting interface description
[2026-01-12T17:56:31.104+08:00] Interface description end
[2026-01-12T17:56:31.104+08:00] Uploading test info to server
[2026-01-12T17:56:31.104+08:00] UploadTestInfoToServer end
[2026-01-12T17:56:31.351+08:00] will get size
[2026-01-12T17:56:31.351+08:00] size: 1440x768 dpr: 1.0000000149011612
[2026-01-12T17:57:17.481+08:00] Getting interface description
[2026-01-12T17:57:17.481+08:00] Interface description end
[2026-01-12T17:57:17.481+08:00] Uploading test info to server
[2026-01-12T17:57:17.482+08:00] UploadTestInfoToServer end
[2026-01-12T17:57:17.785+08:00] will get size
[2026-01-12T17:57:17.788+08:00] size: 1440x768 dpr: 1.0000000149011612
[2026-01-12T17:57:23.939+08:00] Getting interface description
[2026-01-12T17:57:23.939+08:00] Interface description end
[2026-01-12T17:57:23.939+08:00] Uploading test info to server
[2026-01-12T17:57:23.939+08:00] UploadTestInfoToServer end
[2026-01-12T17:57:24.033+08:00] will get size
[2026-01-12T17:57:24.033+08:00] size: 1440x768 dpr: 1.0000000149011612
[2026-01-12T17:57:26.549+08:00] Getting interface description
[2026-01-12T17:57:26.549+08:00] Interface description end
[2026-01-12T17:57:26.549+08:00] Uploading test info to server
[2026-01-12T17:57:26.549+08:00] UploadTestInfoToServer end
[2026-01-12T17:57:26.632+08:00] will get size
[2026-01-12T17:57:26.632+08:00] size: 1440x768 dpr: 1.0000000149011612
[2026-01-12T17:57:30.212+08:00] Getting interface description
[2026-01-12T17:57:30.212+08:00] Interface description end
[2026-01-12T17:57:30.212+08:00] Uploading test info to server
[2026-01-12T17:57:30.212+08:00] UploadTestInfoToServer end
[2026-01-12T17:57:30.296+08:00] will get size
[2026-01-12T17:57:30.296+08:00] size: 1440x768 dpr: 1.0000000149011612
[2026-01-12T17:57:33.219+08:00] Getting interface description
[2026-01-12T17:57:33.219+08:00] Interface description end
[2026-01-12T17:57:33.219+08:00] Uploading test info to server
[2026-01-12T17:57:33.219+08:00] UploadTestInfoToServer end
[2026-01-12T17:57:33.293+08:00] will get size
[2026-01-12T17:57:33.293+08:00] size: 1440x768 dpr: 1.0000000149011612
[2026-01-12T17:57:38.527+08:00] Getting interface description
[2026-01-12T17:57:38.527+08:00] Interface description end
[2026-01-12T17:57:38.527+08:00] Uploading test info to server
[2026-01-12T17:57:38.527+08:00] UploadTestInfoToServer end
[2026-01-12T17:57:38.614+08:00] will get size
[2026-01-12T17:57:38.614+08:00] size: 1440x768 dpr: 1.0000000149011612
[2026-01-12T17:57:40.799+08:00] Getting interface description
[2026-01-12T17:57:40.799+08:00] Interface description end
[2026-01-12T17:57:40.799+08:00] Uploading test info to server
[2026-01-12T17:57:40.799+08:00] UploadTestInfoToServer end
[2026-01-12T17:57:40.913+08:00] will get size
[2026-01-12T17:57:40.913+08:00] size: 1440x768 dpr: 1.0000000149011612
[2026-01-12T17:57:42.218+08:00] Getting interface description
[2026-01-12T17:57:42.218+08:00] Interface description end
[2026-01-12T17:57:42.218+08:00] Uploading test info to server
[2026-01-12T17:57:42.218+08:00] UploadTestInfoToServer end
[2026-01-12T17:57:42.311+08:00] will get size
[2026-01-12T17:57:42.311+08:00] size: 1440x768 dpr: 1.0000000149011612
[2026-01-12T17:57:42.312+08:00] Getting interface description
[2026-01-12T17:57:42.312+08:00] Interface description end
[2026-01-12T17:57:42.312+08:00] Uploading test info to server
[2026-01-12T17:57:42.312+08:00] UploadTestInfoToServer end
[2026-01-12T17:57:42.393+08:00] will get size
[2026-01-12T17:57:42.393+08:00] size: 1440x768 dpr: 1.0000000149011612
[2026-01-12T17:57:44.618+08:00] Getting interface description
[2026-01-12T17:57:44.618+08:00] Interface description end
[2026-01-12T17:57:44.618+08:00] Uploading test info to server
[2026-01-12T17:57:44.618+08:00] UploadTestInfoToServer end
[2026-01-12T17:57:44.681+08:00] will get size
